mode: set
be-empower-hr/features/Attendance/service/service.go:26.197,37.2 1 1
be-empower-hr/features/Attendance/service/service.go:40.66,45.16 2 1
be-empower-hr/features/Attendance/service/service.go:45.16,47.3 1 0
be-empower-hr/features/Attendance/service/service.go:48.2,48.12 1 1
be-empower-hr/features/Attendance/service/service.go:48.12,50.3 1 1
be-empower-hr/features/Attendance/service/service.go:53.2,54.16 2 1
be-empower-hr/features/Attendance/service/service.go:54.16,56.3 1 0
be-empower-hr/features/Attendance/service/service.go:59.2,60.16 2 1
be-empower-hr/features/Attendance/service/service.go:60.16,62.3 1 0
be-empower-hr/features/Attendance/service/service.go:65.2,66.16 2 1
be-empower-hr/features/Attendance/service/service.go:66.16,68.3 1 0
be-empower-hr/features/Attendance/service/service.go:70.2,71.16 2 1
be-empower-hr/features/Attendance/service/service.go:71.16,73.3 1 0
be-empower-hr/features/Attendance/service/service.go:76.2,78.28 3 1
be-empower-hr/features/Attendance/service/service.go:78.28,81.3 1 0
be-empower-hr/features/Attendance/service/service.go:83.2,84.16 2 1
be-empower-hr/features/Attendance/service/service.go:84.16,86.3 1 0
be-empower-hr/features/Attendance/service/service.go:88.2,88.12 1 1
be-empower-hr/features/Attendance/service/service.go:90.81,93.16 2 1
be-empower-hr/features/Attendance/service/service.go:93.16,95.3 1 0
be-empower-hr/features/Attendance/service/service.go:98.2,99.16 2 1
be-empower-hr/features/Attendance/service/service.go:99.16,101.3 1 0
be-empower-hr/features/Attendance/service/service.go:104.2,105.16 2 1
be-empower-hr/features/Attendance/service/service.go:105.16,107.3 1 0
be-empower-hr/features/Attendance/service/service.go:109.2,110.16 2 1
be-empower-hr/features/Attendance/service/service.go:110.16,112.3 1 0
be-empower-hr/features/Attendance/service/service.go:115.2,117.28 3 1
be-empower-hr/features/Attendance/service/service.go:117.28,120.3 1 0
be-empower-hr/features/Attendance/service/service.go:121.2,122.16 2 1
be-empower-hr/features/Attendance/service/service.go:122.16,124.3 1 0
be-empower-hr/features/Attendance/service/service.go:125.2,125.12 1 1
be-empower-hr/features/Attendance/service/service.go:128.62,130.16 2 1
be-empower-hr/features/Attendance/service/service.go:130.16,132.3 1 0
be-empower-hr/features/Attendance/service/service.go:133.2,133.12 1 1
be-empower-hr/features/Attendance/service/service.go:136.146,139.21 3 1
be-empower-hr/features/Attendance/service/service.go:139.21,141.17 2 0
be-empower-hr/features/Attendance/service/service.go:141.17,143.4 1 0
be-empower-hr/features/Attendance/service/service.go:144.8,146.17 2 1
be-empower-hr/features/Attendance/service/service.go:146.17,148.4 1 0
be-empower-hr/features/Attendance/service/service.go:150.2,151.16 2 1
be-empower-hr/features/Attendance/service/service.go:151.16,153.3 1 0
be-empower-hr/features/Attendance/service/service.go:154.2,154.32 1 1
be-empower-hr/features/Attendance/service/service.go:157.117,159.18 2 0
be-empower-hr/features/Attendance/service/service.go:159.18,161.3 1 0
be-empower-hr/features/Attendance/service/service.go:161.8,163.3 1 0
be-empower-hr/features/Attendance/service/service.go:165.2,166.16 2 0
be-empower-hr/features/Attendance/service/service.go:166.16,168.3 1 0
be-empower-hr/features/Attendance/service/service.go:169.2,169.31 1 0
be-empower-hr/features/Attendance/service/service.go:171.88,175.16 2 0
be-empower-hr/features/Attendance/service/service.go:175.16,177.3 1 0
be-empower-hr/features/Attendance/service/service.go:178.2,178.24 1 0
be-empower-hr/features/Attendance/service/service.go:180.111,183.16 2 0
be-empower-hr/features/Attendance/service/service.go:183.16,185.3 1 0
be-empower-hr/features/Attendance/service/service.go:186.2,186.24 1 0
be-empower-hr/features/Attendance/service/service.go:189.118,190.18 1 0
be-empower-hr/features/Attendance/service/service.go:190.18,192.3 1 0
be-empower-hr/features/Attendance/service/service.go:193.2,194.16 2 0
be-empower-hr/features/Attendance/service/service.go:194.16,196.3 1 0
be-empower-hr/features/Attendance/service/service.go:197.2,197.24 1 0
be-empower-hr/features/Attendance/service/service.go:200.137,201.18 1 0
be-empower-hr/features/Attendance/service/service.go:201.18,203.3 1 0
be-empower-hr/features/Attendance/service/service.go:204.2,205.16 2 0
be-empower-hr/features/Attendance/service/service.go:205.16,207.3 1 0
be-empower-hr/features/Attendance/service/service.go:208.2,208.24 1 0
be-empower-hr/features/Attendance/service/service.go:210.73,212.16 2 0
be-empower-hr/features/Attendance/service/service.go:212.16,214.3 1 0
be-empower-hr/features/Attendance/service/service.go:215.2,215.19 1 0
be-empower-hr/features/Attendance/service/service.go:218.80,220.16 2 0
be-empower-hr/features/Attendance/service/service.go:220.16,222.3 1 0
be-empower-hr/features/Attendance/service/service.go:223.2,223.19 1 0
be-empower-hr/features/Attendance/service/service.go:227.53,229.16 2 1
be-empower-hr/features/Attendance/service/service.go:229.16,231.3 1 0
be-empower-hr/features/Attendance/service/service.go:233.2,234.16 2 1
be-empower-hr/features/Attendance/service/service.go:234.16,236.3 1 0
be-empower-hr/features/Attendance/service/service.go:238.2,238.12 1 1
be-empower-hr/features/Attendance/service/service.go:242.97,244.16 2 0
be-empower-hr/features/Attendance/service/service.go:244.16,246.3 1 0
be-empower-hr/features/Attendance/service/service.go:247.2,247.19 1 0
be-empower-hr/features/Attendance/service/service.go:251.135,253.16 2 0
be-empower-hr/features/Attendance/service/service.go:253.16,255.3 1 0
be-empower-hr/features/Attendance/service/service.go:256.2,256.24 1 0
be-empower-hr/features/Attendance/service/service.go:259.104,261.16 2 0
be-empower-hr/features/Attendance/service/service.go:261.16,263.3 1 0
be-empower-hr/features/Attendance/service/service.go:264.2,264.19 1 0
be-empower-hr/features/Attendance/service/service.go:268.80,270.16 2 0
be-empower-hr/features/Attendance/service/service.go:270.16,272.3 1 0
be-empower-hr/features/Attendance/service/service.go:273.2,273.19 1 0
be-empower-hr/features/Attendance/service/service.go:275.69,276.15 1 0
be-empower-hr/features/Attendance/service/service.go:276.15,278.3 1 0
be-empower-hr/features/Attendance/service/service.go:279.2,279.12 1 0
