mode: set
be-empower-hr/features/Leaves/service/service.go:16.71,20.2 1 1
be-empower-hr/features/Leaves/service/service.go:23.115,25.72 2 0
be-empower-hr/features/Leaves/service/service.go:25.72,27.3 1 0
be-empower-hr/features/Leaves/service/service.go:30.2,30.108 1 0
be-empower-hr/features/Leaves/service/service.go:30.108,32.3 1 0
be-empower-hr/features/Leaves/service/service.go:35.2,36.16 2 0
be-empower-hr/features/Leaves/service/service.go:36.16,39.3 2 0
be-empower-hr/features/Leaves/service/service.go:42.2,43.16 2 0
be-empower-hr/features/Leaves/service/service.go:43.16,46.3 2 0
be-empower-hr/features/Leaves/service/service.go:48.2,51.40 2 0
be-empower-hr/features/Leaves/service/service.go:51.40,53.90 2 0
be-empower-hr/features/Leaves/service/service.go:53.90,56.4 2 0
be-empower-hr/features/Leaves/service/service.go:58.3,61.39 2 0
be-empower-hr/features/Leaves/service/service.go:61.39,64.4 2 0
be-empower-hr/features/Leaves/service/service.go:67.3,68.65 2 0
be-empower-hr/features/Leaves/service/service.go:68.65,71.4 2 0
be-empower-hr/features/Leaves/service/service.go:75.2,75.79 1 0
be-empower-hr/features/Leaves/service/service.go:75.79,78.3 2 0
be-empower-hr/features/Leaves/service/service.go:80.2,80.12 1 0
be-empower-hr/features/Leaves/service/service.go:84.88,86.16 2 1
be-empower-hr/features/Leaves/service/service.go:86.16,89.3 1 0
be-empower-hr/features/Leaves/service/service.go:91.2,91.12 1 1
be-empower-hr/features/Leaves/service/service.go:95.176,99.18 3 0
be-empower-hr/features/Leaves/service/service.go:99.18,101.17 2 0
be-empower-hr/features/Leaves/service/service.go:101.17,104.4 2 0
be-empower-hr/features/Leaves/service/service.go:105.8,105.45 1 0
be-empower-hr/features/Leaves/service/service.go:105.45,107.17 2 0
be-empower-hr/features/Leaves/service/service.go:107.17,110.4 2 0
be-empower-hr/features/Leaves/service/service.go:111.8,113.17 2 0
be-empower-hr/features/Leaves/service/service.go:113.17,116.4 2 0
be-empower-hr/features/Leaves/service/service.go:119.2,119.27 1 0
be-empower-hr/features/Leaves/service/service.go:123.98,125.16 2 1
be-empower-hr/features/Leaves/service/service.go:125.16,128.3 2 1
be-empower-hr/features/Leaves/service/service.go:130.2,130.25 1 1
be-empower-hr/features/Leaves/service/service.go:134.168,138.18 3 0
be-empower-hr/features/Leaves/service/service.go:138.18,140.17 2 0
be-empower-hr/features/Leaves/service/service.go:140.17,143.4 2 0
be-empower-hr/features/Leaves/service/service.go:144.8,144.45 1 0
be-empower-hr/features/Leaves/service/service.go:144.45,146.17 2 0
be-empower-hr/features/Leaves/service/service.go:146.17,149.4 2 0
be-empower-hr/features/Leaves/service/service.go:150.8,152.17 2 0
be-empower-hr/features/Leaves/service/service.go:152.17,155.4 2 0
be-empower-hr/features/Leaves/service/service.go:158.2,158.27 1 0
be-empower-hr/features/Leaves/service/service.go:161.89,163.16 2 0
be-empower-hr/features/Leaves/service/service.go:163.16,166.3 2 0
be-empower-hr/features/Leaves/service/service.go:168.2,169.16 2 0
be-empower-hr/features/Leaves/service/service.go:169.16,172.3 2 0
be-empower-hr/features/Leaves/service/service.go:173.2,176.8 1 0
be-empower-hr/features/Leaves/service/service.go:194.69,196.21 2 0
be-empower-hr/features/Leaves/service/service.go:196.21,198.3 1 0
be-empower-hr/features/Leaves/service/service.go:199.2,204.9 5 0
be-empower-hr/features/Leaves/service/service.go:204.9,206.3 1 0
be-empower-hr/features/Leaves/service/service.go:208.2,208.58 1 0
be-empower-hr/features/Leaves/service/service.go:211.65,215.16 3 0
be-empower-hr/features/Leaves/service/service.go:215.16,217.3 1 0
be-empower-hr/features/Leaves/service/service.go:218.2,219.16 2 0
be-empower-hr/features/Leaves/service/service.go:219.16,221.3 1 0
be-empower-hr/features/Leaves/service/service.go:223.2,224.16 2 0
be-empower-hr/features/Leaves/service/service.go:224.16,226.3 1 0
be-empower-hr/features/Leaves/service/service.go:228.2,229.16 2 0
be-empower-hr/features/Leaves/service/service.go:229.16,231.3 1 0
be-empower-hr/features/Leaves/service/service.go:233.2,233.23 1 0
be-empower-hr/features/Leaves/service/service.go:233.23,235.3 1 0
be-empower-hr/features/Leaves/service/service.go:237.2,238.42 2 0
be-empower-hr/features/Leaves/service/service.go:242.112,244.16 2 1
be-empower-hr/features/Leaves/service/service.go:244.16,246.3 1 1
be-empower-hr/features/Leaves/service/service.go:248.2,248.18 1 1
be-empower-hr/features/Leaves/service/service.go:248.18,250.3 1 0
be-empower-hr/features/Leaves/service/service.go:252.2,252.19 1 1
be-empower-hr/features/Companies/service/service.go:13.62,17.2 1 1
be-empower-hr/features/Companies/service/service.go:20.84,24.16 2 1
be-empower-hr/features/Companies/service/service.go:24.16,27.3 2 1
be-empower-hr/features/Companies/service/service.go:29.2,29.20 1 1
be-empower-hr/features/Companies/service/service.go:32.100,36.16 2 1
be-empower-hr/features/Companies/service/service.go:36.16,39.3 2 1
be-empower-hr/features/Companies/service/service.go:41.2,41.12 1 1
be-empower-hr/features/Payroll/service/service.go:14.102,19.2 1 1
be-empower-hr/features/Payroll/service/service.go:21.105,22.22 1 1
be-empower-hr/features/Payroll/service/service.go:22.22,24.3 1 1
be-empower-hr/features/Payroll/service/service.go:25.2,25.40 1 1
be-empower-hr/features/Payroll/service/service.go:28.78,30.2 1 1
be-empower-hr/features/Payroll/service/service.go:32.62,35.16 2 1
be-empower-hr/features/Payroll/service/service.go:35.16,37.3 1 0
be-empower-hr/features/Payroll/service/service.go:39.2,40.16 2 1
be-empower-hr/features/Payroll/service/service.go:40.16,42.3 1 0
be-empower-hr/features/Payroll/service/service.go:44.2,44.12 1 1
be-empower-hr/features/Schedule/service/service.go:14.113,19.2 1 1
be-empower-hr/features/Schedule/service/service.go:22.95,23.25 1 1
be-empower-hr/features/Schedule/service/service.go:23.25,25.3 1 1
be-empower-hr/features/Schedule/service/service.go:27.2,27.84 1 1
be-empower-hr/features/Schedule/service/service.go:27.84,29.3 1 1
be-empower-hr/features/Schedule/service/service.go:30.2,30.49 1 1
be-empower-hr/features/Schedule/service/service.go:34.66,36.2 1 1
be-empower-hr/features/Schedule/service/service.go:39.84,41.2 1 1
be-empower-hr/features/Schedule/service/service.go:44.99,46.2 1 1
be-empower-hr/features/Schedule/service/service.go:49.103,50.24 1 1
be-empower-hr/features/Schedule/service/service.go:50.24,52.3 1 1
be-empower-hr/features/Schedule/service/service.go:54.2,54.60 1 1
be-empower-hr/features/Users/service/service.go:21.185,29.2 1 1
be-empower-hr/features/Users/service/service.go:32.62,34.16 2 1
be-empower-hr/features/Users/service/service.go:34.16,37.3 2 1
be-empower-hr/features/Users/service/service.go:38.2,38.12 1 1
be-empower-hr/features/Users/service/service.go:42.88,45.16 2 1
be-empower-hr/features/Users/service/service.go:45.16,48.3 2 0
be-empower-hr/features/Users/service/service.go:51.2,51.41 1 0
be-empower-hr/features/Users/service/service.go:51.41,53.3 1 0
be-empower-hr/features/Users/service/service.go:56.2,57.16 2 0
be-empower-hr/features/Users/service/service.go:57.16,60.3 2 0
be-empower-hr/features/Users/service/service.go:62.2,62.12 1 0
be-empower-hr/features/Users/service/service.go:66.92,68.16 2 1
be-empower-hr/features/Users/service/service.go:68.16,71.3 2 1
be-empower-hr/features/Users/service/service.go:72.2,72.18 1 1
be-empower-hr/features/Users/service/service.go:75.96,77.16 2 1
be-empower-hr/features/Users/service/service.go:77.16,80.3 2 1
be-empower-hr/features/Users/service/service.go:81.2,81.18 1 1
be-empower-hr/features/Users/service/service.go:85.111,87.16 2 1
be-empower-hr/features/Users/service/service.go:87.16,90.3 2 0
be-empower-hr/features/Users/service/service.go:96.2,97.16 2 1
be-empower-hr/features/Users/service/service.go:97.16,100.3 2 0
be-empower-hr/features/Users/service/service.go:102.2,102.25 1 0
be-empower-hr/features/Users/service/service.go:106.161,107.76 1 1
be-empower-hr/features/Users/service/service.go:107.76,110.3 2 1
be-empower-hr/features/Users/service/service.go:112.2,112.73 1 1
be-empower-hr/features/Users/service/service.go:112.73,115.3 2 1
be-empower-hr/features/Users/service/service.go:116.2,116.79 1 1
be-empower-hr/features/Users/service/service.go:116.79,119.3 2 0
be-empower-hr/features/Users/service/service.go:120.2,120.85 1 1
be-empower-hr/features/Users/service/service.go:120.85,123.3 2 1
be-empower-hr/features/Users/service/service.go:126.2,127.97 2 1
be-empower-hr/features/Users/service/service.go:127.97,130.3 2 1
be-empower-hr/features/Users/service/service.go:132.2,133.16 2 1
be-empower-hr/features/Users/service/service.go:133.16,136.3 2 1
be-empower-hr/features/Users/service/service.go:138.2,139.39 2 1
be-empower-hr/features/Users/service/service.go:143.98,144.26 1 1
be-empower-hr/features/Users/service/service.go:144.26,145.74 1 1
be-empower-hr/features/Users/service/service.go:145.74,147.4 1 1
be-empower-hr/features/Users/service/service.go:150.2,150.32 1 1
be-empower-hr/features/Users/service/service.go:150.32,151.86 1 1
be-empower-hr/features/Users/service/service.go:151.86,153.4 1 1
be-empower-hr/features/Users/service/service.go:156.2,156.29 1 1
be-empower-hr/features/Users/service/service.go:156.29,158.98 2 1
be-empower-hr/features/Users/service/service.go:158.98,160.4 1 1
be-empower-hr/features/Users/service/service.go:163.2,164.16 2 1
be-empower-hr/features/Users/service/service.go:164.16,167.3 2 1
be-empower-hr/features/Users/service/service.go:169.2,169.12 1 1
be-empower-hr/features/Users/service/service.go:172.105,173.17 1 1
be-empower-hr/features/Users/service/service.go:173.17,175.3 1 1
be-empower-hr/features/Users/service/service.go:176.2,177.16 2 1
be-empower-hr/features/Users/service/service.go:177.16,180.3 2 1
be-empower-hr/features/Users/service/service.go:182.2,182.12 1 1
be-empower-hr/features/Users/service/service.go:186.101,187.26 1 1
be-empower-hr/features/Users/service/service.go:187.26,188.74 1 1
be-empower-hr/features/Users/service/service.go:188.74,190.4 1 1
be-empower-hr/features/Users/service/service.go:193.2,193.32 1 1
be-empower-hr/features/Users/service/service.go:193.32,194.86 1 1
be-empower-hr/features/Users/service/service.go:194.86,196.4 1 1
be-empower-hr/features/Users/service/service.go:199.2,199.29 1 1
be-empower-hr/features/Users/service/service.go:199.29,201.98 2 1
be-empower-hr/features/Users/service/service.go:201.98,203.4 1 1
be-empower-hr/features/Users/service/service.go:206.2,207.16 2 1
be-empower-hr/features/Users/service/service.go:207.16,210.3 2 1
be-empower-hr/features/Users/service/service.go:212.2,212.12 1 1
be-empower-hr/features/Users/service/service.go:216.133,217.16 1 1
be-empower-hr/features/Users/service/service.go:217.16,219.17 2 0
be-empower-hr/features/Users/service/service.go:219.17,222.4 2 0
be-empower-hr/features/Users/service/service.go:223.3,223.22 1 0
be-empower-hr/features/Users/service/service.go:225.2,225.20 1 1
be-empower-hr/features/Users/service/service.go:225.20,227.17 2 0
be-empower-hr/features/Users/service/service.go:227.17,230.4 2 0
be-empower-hr/features/Users/service/service.go:231.3,231.22 1 0
be-empower-hr/features/Users/service/service.go:234.2,235.16 2 1
be-empower-hr/features/Users/service/service.go:235.16,238.3 2 0
be-empower-hr/features/Users/service/service.go:239.2,239.24 1 0
be-empower-hr/features/Users/service/service.go:243.133,246.16 2 1
be-empower-hr/features/Users/service/service.go:246.16,249.3 2 1
be-empower-hr/features/Users/service/service.go:251.2,251.12 1 1
be-empower-hr/features/Users/service/service.go:255.209,258.16 2 0
be-empower-hr/features/Users/service/service.go:258.16,260.3 1 0
be-empower-hr/features/Users/service/service.go:262.2,262.55 1 0
be-empower-hr/features/Users/service/service.go:262.55,265.3 2 0
be-empower-hr/features/Users/service/service.go:267.2,267.76 1 0
be-empower-hr/features/Users/service/service.go:267.76,270.3 2 0
be-empower-hr/features/Users/service/service.go:271.2,271.88 1 0
be-empower-hr/features/Users/service/service.go:271.88,274.3 2 0
be-empower-hr/features/Users/service/service.go:275.2,275.78 1 0
be-empower-hr/features/Users/service/service.go:275.78,278.3 2 0
be-empower-hr/features/Users/service/service.go:279.2,279.82 1 0
be-empower-hr/features/Users/service/service.go:279.82,282.3 2 0
be-empower-hr/features/Users/service/service.go:284.2,284.100 1 0
be-empower-hr/features/Users/service/service.go:284.100,287.3 2 0
be-empower-hr/features/Users/service/service.go:288.2,288.84 1 0
be-empower-hr/features/Users/service/service.go:288.84,291.3 2 0
be-empower-hr/features/Users/service/service.go:294.2,298.16 4 0
be-empower-hr/features/Users/service/service.go:298.16,300.3 1 0
be-empower-hr/features/Users/service/service.go:302.2,303.16 2 0
be-empower-hr/features/Users/service/service.go:303.16,305.3 1 0
be-empower-hr/features/Users/service/service.go:307.2,308.16 2 0
be-empower-hr/features/Users/service/service.go:308.16,310.3 1 0
be-empower-hr/features/Users/service/service.go:312.2,314.16 3 0
be-empower-hr/features/Users/service/service.go:314.16,317.3 2 0
be-empower-hr/features/Users/service/service.go:320.2,334.86 3 0
be-empower-hr/features/Users/service/service.go:334.86,337.3 2 0
be-empower-hr/features/Users/service/service.go:339.2,341.12 2 0
be-empower-hr/features/Users/service/service.go:345.81,347.16 2 1
be-empower-hr/features/Users/service/service.go:347.16,350.3 2 1
be-empower-hr/features/Users/service/service.go:351.2,351.19 1 1
