mode: set
be-empower-hr/features/Announcement/service/service.go:23.187,32.2 1 1
be-empower-hr/features/Announcement/service/service.go:35.72,38.16 2 1
be-empower-hr/features/Announcement/service/service.go:38.16,40.3 1 1
be-empower-hr/features/Announcement/service/service.go:41.2,41.12 1 1
be-empower-hr/features/Announcement/service/service.go:44.69,47.16 2 1
be-empower-hr/features/Announcement/service/service.go:47.16,49.3 1 1
be-empower-hr/features/Announcement/service/service.go:50.2,50.26 1 1
be-empower-hr/features/Announcement/service/service.go:53.91,56.19 2 1
be-empower-hr/features/Announcement/service/service.go:56.19,59.6 2 1
be-empower-hr/features/Announcement/service/service.go:60.5,60.30 1 1
