mode: set
be-empower-hr/main.go:13.13,32.2 9 0
be-empower-hr/app/migrations/migration.go:13.33,21.2 7 0
be-empower-hr/app/middlewares/middleware.go:29.44,33.2 1 0
be-empower-hr/app/middlewares/middleware.go:35.59,39.2 1 0
be-empower-hr/app/middlewares/middleware.go:41.63,49.2 3 0
be-empower-hr/app/middlewares/middleware.go:51.62,54.27 3 0
be-empower-hr/app/middlewares/middleware.go:54.27,56.3 1 0
be-empower-hr/app/middlewares/middleware.go:57.2,58.76 2 0
be-empower-hr/app/middlewares/middleware.go:58.76,60.3 1 0
be-empower-hr/app/middlewares/middleware.go:62.2,62.35 1 0
be-empower-hr/app/middlewares/middleware.go:62.35,64.3 1 0
be-empower-hr/app/middlewares/middleware.go:66.2,68.20 3 0
be-empower-hr/app/middlewares/middleware.go:68.20,70.3 1 0
be-empower-hr/app/middlewares/middleware.go:71.2,71.20 1 0
be-empower-hr/app/middlewares/middleware.go:74.59,78.17 3 0
be-empower-hr/app/middlewares/middleware.go:78.17,80.3 1 0
be-empower-hr/app/middlewares/middleware.go:82.2,83.12 2 0
be-empower-hr/app/middlewares/middleware.go:86.61,92.2 4 0
be-empower-hr/app/middlewares/middleware.go:94.67,97.27 3 0
be-empower-hr/app/middlewares/middleware.go:97.27,99.3 1 0
be-empower-hr/app/middlewares/middleware.go:100.2,101.76 2 0
be-empower-hr/app/middlewares/middleware.go:101.76,103.3 1 0
be-empower-hr/app/middlewares/middleware.go:105.2,105.35 1 0
be-empower-hr/app/middlewares/middleware.go:105.35,107.3 1 0
be-empower-hr/app/middlewares/middleware.go:109.2,111.18 3 0
be-empower-hr/app/middlewares/middleware.go:111.18,113.3 1 0
be-empower-hr/app/middlewares/middleware.go:114.2,114.13 1 0
be-empower-hr/app/databases/PostgreSQL.go:25.52,29.16 3 0
be-empower-hr/app/databases/PostgreSQL.go:29.16,30.57 1 0
be-empower-hr/app/databases/PostgreSQL.go:32.2,32.11 1 0
be-empower-hr/app/config/config.go:24.27,27.16 3 0
be-empower-hr/app/config/config.go:27.16,28.25 1 0
be-empower-hr/app/config/config.go:30.2,34.20 5 0
be-empower-hr/app/config/config.go:34.20,37.3 1 0
be-empower-hr/app/config/config.go:38.2,42.13 5 0
be-empower-hr/app/config/config.go:45.30,47.2 1 0
be-empower-hr/app/routes/route.go:32.44,91.2 44 0
be-empower-hr/features/Attendance/handler/handler.go:21.55,25.2 1 0
be-empower-hr/features/Attendance/handler/handler.go:28.59,30.17 2 0
be-empower-hr/features/Attendance/handler/handler.go:30.17,32.3 1 0
be-empower-hr/features/Attendance/handler/handler.go:34.2,36.52 3 0
be-empower-hr/features/Attendance/handler/handler.go:36.52,39.3 2 0
be-empower-hr/features/Attendance/handler/handler.go:41.2,52.16 3 0
be-empower-hr/features/Attendance/handler/handler.go:52.16,55.3 2 0
be-empower-hr/features/Attendance/handler/handler.go:56.2,56.113 1 0
be-empower-hr/features/Attendance/handler/handler.go:61.62,65.16 3 0
be-empower-hr/features/Attendance/handler/handler.go:65.16,67.3 1 0
be-empower-hr/features/Attendance/handler/handler.go:68.2,69.17 2 0
be-empower-hr/features/Attendance/handler/handler.go:69.17,71.3 1 0
be-empower-hr/features/Attendance/handler/handler.go:73.2,74.52 2 0
be-empower-hr/features/Attendance/handler/handler.go:74.52,77.3 2 0
be-empower-hr/features/Attendance/handler/handler.go:79.2,90.16 3 0
be-empower-hr/features/Attendance/handler/handler.go:90.16,93.3 2 0
be-empower-hr/features/Attendance/handler/handler.go:94.2,94.114 1 0
be-empower-hr/features/Attendance/handler/handler.go:99.62,103.16 3 0
be-empower-hr/features/Attendance/handler/handler.go:103.16,105.3 1 0
be-empower-hr/features/Attendance/handler/handler.go:106.2,107.17 2 0
be-empower-hr/features/Attendance/handler/handler.go:107.17,109.3 1 0
be-empower-hr/features/Attendance/handler/handler.go:110.2,111.16 2 0
be-empower-hr/features/Attendance/handler/handler.go:111.16,114.3 2 0
be-empower-hr/features/Attendance/handler/handler.go:115.2,115.111 1 0
be-empower-hr/features/Attendance/handler/handler.go:119.67,123.16 3 0
be-empower-hr/features/Attendance/handler/handler.go:123.16,125.3 1 0
be-empower-hr/features/Attendance/handler/handler.go:126.2,127.21 2 0
be-empower-hr/features/Attendance/handler/handler.go:127.21,129.3 1 0
be-empower-hr/features/Attendance/handler/handler.go:132.2,134.28 3 0
be-empower-hr/features/Attendance/handler/handler.go:134.28,136.3 1 0
be-empower-hr/features/Attendance/handler/handler.go:138.2,140.32 3 0
be-empower-hr/features/Attendance/handler/handler.go:140.32,142.3 1 0
be-empower-hr/features/Attendance/handler/handler.go:145.2,154.16 5 0
be-empower-hr/features/Attendance/handler/handler.go:154.16,156.3 1 0
be-empower-hr/features/Attendance/handler/handler.go:158.2,160.34 3 0
be-empower-hr/features/Attendance/handler/handler.go:160.34,162.3 1 0
be-empower-hr/features/Attendance/handler/handler.go:164.2,173.149 3 0
be-empower-hr/features/Attendance/handler/handler.go:176.70,178.21 2 0
be-empower-hr/features/Attendance/handler/handler.go:178.21,180.3 1 0
be-empower-hr/features/Attendance/handler/handler.go:181.2,186.28 4 0
be-empower-hr/features/Attendance/handler/handler.go:186.28,188.3 1 0
be-empower-hr/features/Attendance/handler/handler.go:189.2,191.32 3 0
be-empower-hr/features/Attendance/handler/handler.go:191.32,193.3 1 0
be-empower-hr/features/Attendance/handler/handler.go:196.2,203.16 5 0
be-empower-hr/features/Attendance/handler/handler.go:203.16,205.3 1 0
be-empower-hr/features/Attendance/handler/handler.go:206.2,208.34 3 0
be-empower-hr/features/Attendance/handler/handler.go:208.34,210.3 1 0
be-empower-hr/features/Attendance/handler/handler.go:211.2,220.150 3 0
be-empower-hr/features/Attendance/handler/handler.go:224.56,230.16 2 0
be-empower-hr/features/Attendance/handler/handler.go:230.16,232.3 1 0
be-empower-hr/features/Attendance/handler/handler.go:235.2,235.113 1 0
be-empower-hr/features/Attendance/handler/response.go:31.76,42.2 1 0
be-empower-hr/features/Attendance/handler/response.go:43.74,55.2 1 0
be-empower-hr/features/Attendance/service/service.go:20.167,29.2 1 0
be-empower-hr/features/Attendance/service/service.go:31.66,34.19 2 0
be-empower-hr/features/Attendance/service/service.go:34.19,36.6 1 0
be-empower-hr/features/Attendance/service/service.go:37.5,37.15 1 0
be-empower-hr/features/Attendance/service/service.go:37.15,39.6 1 0
be-empower-hr/features/Attendance/service/service.go:41.2,42.16 2 0
be-empower-hr/features/Attendance/service/service.go:42.16,44.3 1 0
be-empower-hr/features/Attendance/service/service.go:45.2,45.12 1 0
be-empower-hr/features/Attendance/service/service.go:47.80,49.16 2 0
be-empower-hr/features/Attendance/service/service.go:49.16,51.3 1 0
be-empower-hr/features/Attendance/service/service.go:52.2,52.12 1 0
be-empower-hr/features/Attendance/service/service.go:55.62,57.16 2 0
be-empower-hr/features/Attendance/service/service.go:57.16,59.3 1 0
be-empower-hr/features/Attendance/service/service.go:60.2,60.12 1 0
be-empower-hr/features/Attendance/service/service.go:63.115,65.16 2 0
be-empower-hr/features/Attendance/service/service.go:65.16,67.3 1 0
be-empower-hr/features/Attendance/service/service.go:68.2,68.25 1 0
be-empower-hr/features/Attendance/service/service.go:71.89,74.16 2 0
be-empower-hr/features/Attendance/service/service.go:74.16,76.3 1 0
be-empower-hr/features/Attendance/service/service.go:77.2,77.24 1 0
be-empower-hr/features/Attendance/service/service.go:79.59,81.16 2 0
be-empower-hr/features/Attendance/service/service.go:81.16,83.3 1 0
be-empower-hr/features/Attendance/service/service.go:84.2,84.19 1 0
be-empower-hr/features/Attendance/service/service.go:88.53,90.16 2 0
be-empower-hr/features/Attendance/service/service.go:90.16,92.3 1 0
be-empower-hr/features/Attendance/service/service.go:94.2,95.16 2 0
be-empower-hr/features/Attendance/service/service.go:95.16,97.3 1 0
be-empower-hr/features/Attendance/service/service.go:99.2,99.12 1 0
be-empower-hr/features/Companies/handler/handler.go:20.104,25.2 1 0
be-empower-hr/features/Companies/handler/handler.go:27.58,28.36 1 0
be-empower-hr/features/Companies/handler/handler.go:28.36,31.17 2 0
be-empower-hr/features/Companies/handler/handler.go:31.17,34.4 2 0
be-empower-hr/features/Companies/handler/handler.go:36.3,36.143 1 0
be-empower-hr/features/Companies/handler/handler.go:41.61,42.36 1 0
be-empower-hr/features/Companies/handler/handler.go:42.36,44.21 2 0
be-empower-hr/features/Companies/handler/handler.go:44.21,46.4 1 0
be-empower-hr/features/Companies/handler/handler.go:48.3,50.17 3 0
be-empower-hr/features/Companies/handler/handler.go:50.17,53.4 2 0
be-empower-hr/features/Companies/handler/handler.go:56.3,57.17 2 0
be-empower-hr/features/Companies/handler/handler.go:57.17,59.18 2 0
be-empower-hr/features/Companies/handler/handler.go:59.18,62.5 2 0
be-empower-hr/features/Companies/handler/handler.go:63.4,66.18 3 0
be-empower-hr/features/Companies/handler/handler.go:66.18,69.5 2 0
be-empower-hr/features/Companies/handler/handler.go:71.4,71.44 1 0
be-empower-hr/features/Companies/handler/handler.go:74.3,75.17 2 0
be-empower-hr/features/Companies/handler/handler.go:75.17,78.4 2 0
be-empower-hr/features/Companies/handler/handler.go:80.3,80.120 1 0
be-empower-hr/features/Companies/handler/request.go:15.65,25.2 1 0
be-empower-hr/features/Companies/handler/response.go:17.74,28.2 1 0
be-empower-hr/features/Attendance/data_attendance/models.go:22.61,33.2 1 0
be-empower-hr/features/Attendance/data_attendance/query.go:13.65,17.2 1 0
be-empower-hr/features/Attendance/data_attendance/query.go:20.71,23.2 2 0
be-empower-hr/features/Attendance/data_attendance/query.go:25.85,30.16 3 0
be-empower-hr/features/Attendance/data_attendance/query.go:30.16,32.3 1 0
be-empower-hr/features/Attendance/data_attendance/query.go:33.2,33.23 1 0
be-empower-hr/features/Attendance/data_attendance/query.go:37.84,47.16 3 0
be-empower-hr/features/Attendance/data_attendance/query.go:47.16,49.3 1 0
be-empower-hr/features/Attendance/data_attendance/query.go:51.2,51.12 1 0
be-empower-hr/features/Attendance/data_attendance/query.go:54.120,58.16 3 0
be-empower-hr/features/Attendance/data_attendance/query.go:58.16,60.3 1 0
be-empower-hr/features/Attendance/data_attendance/query.go:62.2,62.25 1 0
be-empower-hr/features/Attendance/data_attendance/query.go:64.94,67.16 3 0
be-empower-hr/features/Attendance/data_attendance/query.go:67.16,69.3 1 0
be-empower-hr/features/Attendance/data_attendance/query.go:70.2,70.25 1 0
be-empower-hr/features/Attendance/data_attendance/query.go:74.60,77.16 3 0
be-empower-hr/features/Attendance/data_attendance/query.go:77.16,79.3 1 0
be-empower-hr/features/Attendance/data_attendance/query.go:80.2,80.41 1 0
be-empower-hr/features/Attendance/data_attendance/query.go:84.70,89.19 3 0
be-empower-hr/features/Attendance/data_attendance/query.go:89.19,91.6 1 0
be-empower-hr/features/Attendance/data_attendance/query.go:92.5,92.22 1 0
be-empower-hr/features/Attendance/data_attendance/query.go:95.81,98.16 3 0
be-empower-hr/features/Attendance/data_attendance/query.go:98.16,100.3 1 0
be-empower-hr/features/Attendance/data_attendance/query.go:101.2,101.25 1 0
be-empower-hr/features/Companies/data_companies/models.go:25.69,36.2 1 0
be-empower-hr/features/Companies/data_companies/models.go:38.66,48.2 1 0
be-empower-hr/features/Companies/data_companies/query.go:13.56,17.2 1 0
be-empower-hr/features/Companies/data_companies/query.go:20.75,25.16 3 0
be-empower-hr/features/Companies/data_companies/query.go:25.16,27.3 1 0
be-empower-hr/features/Companies/data_companies/query.go:29.2,29.38 1 0
be-empower-hr/features/Companies/data_companies/query.go:32.99,37.22 3 0
be-empower-hr/features/Companies/data_companies/query.go:37.22,39.3 1 0
be-empower-hr/features/Companies/data_companies/query.go:41.2,41.26 1 0
be-empower-hr/features/Companies/data_companies/query.go:41.26,43.3 1 0
be-empower-hr/features/Companies/data_companies/query.go:45.2,45.12 1 0
be-empower-hr/features/Schedule/data_schedule/query.go:18.54,26.2 2 0
be-empower-hr/features/Schedule/data_schedule/query.go:29.81,34.16 3 0
be-empower-hr/features/Schedule/data_schedule/query.go:34.16,36.3 1 0
be-empower-hr/features/Schedule/data_schedule/query.go:38.2,38.20 1 0
be-empower-hr/features/Schedule/data_schedule/query.go:42.96,43.24 1 0
be-empower-hr/features/Schedule/data_schedule/query.go:47.93,59.57 2 0
be-empower-hr/features/Schedule/data_schedule/query.go:59.57,61.3 1 0
be-empower-hr/features/Schedule/data_schedule/query.go:62.2,62.28 1 0
be-empower-hr/features/Schedule/data_schedule/query.go:66.64,67.72 1 0
be-empower-hr/features/Schedule/data_schedule/query.go:67.72,69.3 1 0
be-empower-hr/features/Schedule/data_schedule/query.go:70.2,70.12 1 0
be-empower-hr/features/Schedule/data_schedule/query.go:74.82,76.53 2 0
be-empower-hr/features/Schedule/data_schedule/query.go:76.53,78.3 1 0
be-empower-hr/features/Schedule/data_schedule/query.go:79.2,80.30 2 0
be-empower-hr/features/Schedule/data_schedule/query.go:80.30,93.3 1 0
be-empower-hr/features/Schedule/data_schedule/query.go:94.2,94.20 1 0
be-empower-hr/features/Schedule/data_schedule/query.go:98.97,100.69 2 0
be-empower-hr/features/Schedule/data_schedule/query.go:100.69,102.3 1 0
be-empower-hr/features/Schedule/data_schedule/query.go:103.2,114.8 1 0
be-empower-hr/features/Schedule/data_schedule/query.go:118.101,120.65 2 0
be-empower-hr/features/Schedule/data_schedule/query.go:120.65,122.3 1 0
be-empower-hr/features/Schedule/data_schedule/query.go:123.2,132.52 10 0
be-empower-hr/features/Schedule/data_schedule/query.go:132.52,134.3 1 0
be-empower-hr/features/Schedule/data_schedule/query.go:135.2,135.12 1 0
be-empower-hr/features/Schedule/service/service.go:14.113,19.2 1 0
be-empower-hr/features/Schedule/service/service.go:22.95,23.24 1 0
be-empower-hr/features/Schedule/service/service.go:23.24,25.3 1 0
be-empower-hr/features/Schedule/service/service.go:27.2,28.16 2 0
be-empower-hr/features/Schedule/service/service.go:28.16,30.3 1 0
be-empower-hr/features/Schedule/service/service.go:32.2,33.16 2 0
be-empower-hr/features/Schedule/service/service.go:33.16,35.3 1 0
be-empower-hr/features/Schedule/service/service.go:37.2,37.84 1 0
be-empower-hr/features/Schedule/service/service.go:37.84,39.3 1 0
be-empower-hr/features/Schedule/service/service.go:40.2,40.49 1 0
be-empower-hr/features/Schedule/service/service.go:44.66,46.2 1 0
be-empower-hr/features/Schedule/service/service.go:49.84,51.2 1 0
be-empower-hr/features/Schedule/service/service.go:54.99,56.2 1 0
be-empower-hr/features/Schedule/service/service.go:59.103,60.23 1 0
be-empower-hr/features/Schedule/service/service.go:60.23,62.3 1 0
be-empower-hr/features/Schedule/service/service.go:64.2,65.16 2 0
be-empower-hr/features/Schedule/service/service.go:65.16,67.3 1 0
be-empower-hr/features/Schedule/service/service.go:69.2,70.16 2 0
be-empower-hr/features/Schedule/service/service.go:70.16,72.3 1 0
be-empower-hr/features/Schedule/service/service.go:74.2,74.60 1 0
be-empower-hr/features/Users/handler/handler.go:21.96,26.2 1 0
be-empower-hr/features/Users/handler/handler.go:28.60,30.49 2 0
be-empower-hr/features/Users/handler/handler.go:30.49,33.3 2 0
be-empower-hr/features/Users/handler/handler.go:35.2,49.22 4 0
be-empower-hr/features/Users/handler/handler.go:49.22,51.56 2 0
be-empower-hr/features/Users/handler/handler.go:51.56,53.4 1 0
be-empower-hr/features/Users/handler/handler.go:54.3,54.170 1 0
be-empower-hr/features/Users/handler/handler.go:57.2,66.139 2 0
be-empower-hr/features/Users/handler/handler.go:73.52,75.50 2 0
be-empower-hr/features/Users/handler/handler.go:75.50,78.3 2 0
be-empower-hr/features/Users/handler/handler.go:80.2,81.16 2 0
be-empower-hr/features/Users/handler/handler.go:81.16,83.72 2 0
be-empower-hr/features/Users/handler/handler.go:83.72,85.4 1 0
be-empower-hr/features/Users/handler/handler.go:86.3,86.157 1 0
be-empower-hr/features/Users/handler/handler.go:89.2,101.120 2 0
be-empower-hr/features/Users/handler/handler.go:104.57,106.17 2 0
be-empower-hr/features/Users/handler/handler.go:106.17,109.3 2 0
be-empower-hr/features/Users/handler/handler.go:111.2,112.16 2 0
be-empower-hr/features/Users/handler/handler.go:112.16,115.3 2 0
be-empower-hr/features/Users/handler/handler.go:117.2,131.45 2 0
be-empower-hr/features/Users/handler/handler.go:131.45,142.3 1 0
be-empower-hr/features/Users/handler/handler.go:144.2,144.134 1 0
be-empower-hr/features/Users/handler/handler.go:148.61,151.20 3 0
be-empower-hr/features/Users/handler/handler.go:151.20,153.3 1 0
be-empower-hr/features/Users/handler/handler.go:155.2,156.16 2 0
be-empower-hr/features/Users/handler/handler.go:156.16,159.3 2 0
be-empower-hr/features/Users/handler/handler.go:161.2,175.45 2 0
be-empower-hr/features/Users/handler/handler.go:175.45,186.3 1 0
be-empower-hr/features/Users/handler/handler.go:188.2,188.134 1 0
be-empower-hr/features/Users/handler/handler.go:191.66,193.17 2 0
be-empower-hr/features/Users/handler/handler.go:193.17,195.3 1 0
be-empower-hr/features/Users/handler/handler.go:197.2,198.53 2 0
be-empower-hr/features/Users/handler/handler.go:198.53,201.3 2 0
be-empower-hr/features/Users/handler/handler.go:204.2,205.16 2 0
be-empower-hr/features/Users/handler/handler.go:205.16,207.17 2 0
be-empower-hr/features/Users/handler/handler.go:207.17,210.4 2 0
be-empower-hr/features/Users/handler/handler.go:211.3,214.17 3 0
be-empower-hr/features/Users/handler/handler.go:214.17,217.4 2 0
be-empower-hr/features/Users/handler/handler.go:218.3,218.49 1 0
be-empower-hr/features/Users/handler/handler.go:221.2,236.16 3 0
be-empower-hr/features/Users/handler/handler.go:236.16,239.3 2 0
be-empower-hr/features/Users/handler/handler.go:241.2,241.120 1 0
be-empower-hr/features/Users/handler/handler.go:244.70,246.17 2 0
be-empower-hr/features/Users/handler/handler.go:246.17,248.3 1 0
be-empower-hr/features/Users/handler/handler.go:250.2,251.53 2 0
be-empower-hr/features/Users/handler/handler.go:251.53,254.3 2 0
be-empower-hr/features/Users/handler/handler.go:256.2,268.16 3 0
be-empower-hr/features/Users/handler/handler.go:268.16,271.3 2 0
be-empower-hr/features/Users/handler/handler.go:273.2,273.120 1 0
be-empower-hr/features/Users/handler/handler.go:276.77,279.20 3 0
be-empower-hr/features/Users/handler/handler.go:279.20,284.3 1 0
be-empower-hr/features/Users/handler/handler.go:286.2,287.53 2 0
be-empower-hr/features/Users/handler/handler.go:287.53,290.3 2 0
be-empower-hr/features/Users/handler/handler.go:292.2,304.16 3 0
be-empower-hr/features/Users/handler/handler.go:304.16,307.3 2 0
be-empower-hr/features/Users/handler/handler.go:309.2,309.120 1 0
be-empower-hr/features/Users/handler/handler.go:312.65,314.17 2 0
be-empower-hr/features/Users/handler/handler.go:314.17,317.3 2 0
be-empower-hr/features/Users/handler/handler.go:319.2,320.16 2 0
be-empower-hr/features/Users/handler/handler.go:320.16,323.3 2 0
be-empower-hr/features/Users/handler/handler.go:325.2,325.120 1 0
be-empower-hr/features/Users/handler/handler.go:328.69,330.17 2 0
be-empower-hr/features/Users/handler/handler.go:330.17,332.3 1 0
be-empower-hr/features/Users/handler/handler.go:334.2,335.53 2 0
be-empower-hr/features/Users/handler/handler.go:335.53,338.3 2 0
be-empower-hr/features/Users/handler/handler.go:341.2,342.16 2 0
be-empower-hr/features/Users/handler/handler.go:342.16,344.17 2 0
be-empower-hr/features/Users/handler/handler.go:344.17,347.4 2 0
be-empower-hr/features/Users/handler/handler.go:348.3,351.17 3 0
be-empower-hr/features/Users/handler/handler.go:351.17,354.4 2 0
be-empower-hr/features/Users/handler/handler.go:355.3,355.49 1 0
be-empower-hr/features/Users/handler/handler.go:358.2,373.16 3 0
be-empower-hr/features/Users/handler/handler.go:373.16,376.3 2 0
be-empower-hr/features/Users/handler/handler.go:378.2,378.120 1 0
be-empower-hr/features/Users/handler/handler.go:381.69,384.20 3 0
be-empower-hr/features/Users/handler/handler.go:384.20,389.3 1 0
be-empower-hr/features/Users/handler/handler.go:391.2,392.16 2 0
be-empower-hr/features/Users/handler/handler.go:392.16,395.3 2 0
be-empower-hr/features/Users/handler/handler.go:397.2,397.120 1 0
be-empower-hr/features/Users/handler/handler.go:400.60,402.17 2 0
be-empower-hr/features/Users/handler/handler.go:402.17,404.3 1 0
be-empower-hr/features/Users/handler/handler.go:406.2,409.16 4 0
be-empower-hr/features/Users/handler/handler.go:409.16,411.3 1 0
be-empower-hr/features/Users/handler/handler.go:412.2,413.16 2 0
be-empower-hr/features/Users/handler/handler.go:413.16,415.3 1 0
be-empower-hr/features/Users/handler/handler.go:417.2,418.16 2 0
be-empower-hr/features/Users/handler/handler.go:418.16,421.3 2 0
be-empower-hr/features/Users/handler/handler.go:423.2,424.31 2 0
be-empower-hr/features/Users/handler/handler.go:424.31,425.40 1 0
be-empower-hr/features/Users/handler/handler.go:425.40,433.4 1 0
be-empower-hr/features/Users/handler/handler.go:436.2,436.137 1 0
be-empower-hr/features/Users/handler/handler.go:440.71,443.20 3 0
be-empower-hr/features/Users/handler/handler.go:443.20,445.3 1 0
be-empower-hr/features/Users/handler/handler.go:447.2,448.21 2 0
be-empower-hr/features/Users/handler/handler.go:448.21,450.3 1 0
be-empower-hr/features/Users/handler/handler.go:452.2,454.47 2 0
be-empower-hr/features/Users/handler/handler.go:454.47,457.3 2 0
be-empower-hr/features/Users/handler/handler.go:459.2,460.16 2 0
be-empower-hr/features/Users/handler/handler.go:460.16,463.3 2 0
be-empower-hr/features/Users/handler/handler.go:465.2,465.120 1 0
be-empower-hr/features/Users/handler/handler.go:469.64,472.79 2 0
be-empower-hr/features/Users/handler/handler.go:472.79,475.3 2 0
be-empower-hr/features/Users/handler/handler.go:477.2,483.16 2 0
be-empower-hr/features/Users/handler/handler.go:483.16,486.3 2 0
be-empower-hr/features/Users/handler/handler.go:488.2,488.124 1 0
be-empower-hr/features/Users/handler/request.go:65.74,76.2 1 0
be-empower-hr/features/Users/handler/request.go:78.68,92.2 1 0
be-empower-hr/features/Users/handler/request.go:94.58,100.2 1 0
be-empower-hr/features/Schedule/handler/handler.go:17.65,21.2 1 0
be-empower-hr/features/Schedule/handler/handler.go:23.62,24.36 1 0
be-empower-hr/features/Schedule/handler/handler.go:24.36,26.38 2 0
be-empower-hr/features/Schedule/handler/handler.go:26.38,28.4 1 0
be-empower-hr/features/Schedule/handler/handler.go:30.3,31.17 2 0
be-empower-hr/features/Schedule/handler/handler.go:31.17,33.4 1 0
be-empower-hr/features/Schedule/handler/handler.go:34.3,47.17 3 0
be-empower-hr/features/Schedule/handler/handler.go:47.17,49.4 1 0
be-empower-hr/features/Schedule/handler/handler.go:51.3,52.17 2 0
be-empower-hr/features/Schedule/handler/handler.go:52.17,54.4 1 0
be-empower-hr/features/Schedule/handler/handler.go:56.3,56.127 1 0
be-empower-hr/features/Schedule/handler/handler.go:60.65,62.16 2 0
be-empower-hr/features/Schedule/handler/handler.go:62.16,64.3 1 0
be-empower-hr/features/Schedule/handler/handler.go:66.2,66.130 1 0
be-empower-hr/features/Schedule/handler/handler.go:70.66,72.16 2 0
be-empower-hr/features/Schedule/handler/handler.go:72.16,74.3 1 0
be-empower-hr/features/Schedule/handler/handler.go:76.2,77.16 2 0
be-empower-hr/features/Schedule/handler/handler.go:77.16,79.3 1 0
be-empower-hr/features/Schedule/handler/handler.go:81.2,81.128 1 0
be-empower-hr/features/Schedule/handler/handler.go:85.65,87.37 2 0
be-empower-hr/features/Schedule/handler/handler.go:87.37,89.3 1 0
be-empower-hr/features/Schedule/handler/handler.go:91.2,92.16 2 0
be-empower-hr/features/Schedule/handler/handler.go:92.16,94.3 1 0
be-empower-hr/features/Schedule/handler/handler.go:96.2,97.16 2 0
be-empower-hr/features/Schedule/handler/handler.go:97.16,99.3 1 0
be-empower-hr/features/Schedule/handler/handler.go:102.2,115.16 3 0
be-empower-hr/features/Schedule/handler/handler.go:115.16,117.3 1 0
be-empower-hr/features/Schedule/handler/handler.go:119.2,120.16 2 0
be-empower-hr/features/Schedule/handler/handler.go:120.16,122.3 1 0
be-empower-hr/features/Schedule/handler/handler.go:124.2,124.126 1 0
be-empower-hr/features/Schedule/handler/handler.go:128.65,130.16 2 0
be-empower-hr/features/Schedule/handler/handler.go:130.16,132.3 1 0
be-empower-hr/features/Schedule/handler/handler.go:134.2,135.16 2 0
be-empower-hr/features/Schedule/handler/handler.go:135.16,137.3 1 0
be-empower-hr/features/Schedule/handler/handler.go:139.2,139.121 1 0
be-empower-hr/features/Users/service/service.go:21.185,29.2 1 0
be-empower-hr/features/Users/service/service.go:32.62,34.16 2 0
be-empower-hr/features/Users/service/service.go:34.16,37.3 2 0
be-empower-hr/features/Users/service/service.go:38.2,38.12 1 0
be-empower-hr/features/Users/service/service.go:42.72,44.16 2 0
be-empower-hr/features/Users/service/service.go:44.16,47.3 2 0
be-empower-hr/features/Users/service/service.go:48.2,48.12 1 0
be-empower-hr/features/Users/service/service.go:53.92,55.16 2 0
be-empower-hr/features/Users/service/service.go:55.16,58.3 2 0
be-empower-hr/features/Users/service/service.go:59.2,59.18 1 0
be-empower-hr/features/Users/service/service.go:62.96,64.16 2 0
be-empower-hr/features/Users/service/service.go:64.16,67.3 2 0
be-empower-hr/features/Users/service/service.go:68.2,68.18 1 0
be-empower-hr/features/Users/service/service.go:72.126,74.16 2 0
be-empower-hr/features/Users/service/service.go:74.16,77.3 2 0
be-empower-hr/features/Users/service/service.go:79.2,81.19 3 0
be-empower-hr/features/Users/service/service.go:81.19,83.3 1 0
be-empower-hr/features/Users/service/service.go:85.2,86.19 2 0
be-empower-hr/features/Users/service/service.go:86.19,89.3 2 0
be-empower-hr/features/Users/service/service.go:90.2,90.25 1 0
be-empower-hr/features/Users/service/service.go:94.155,95.76 1 0
be-empower-hr/features/Users/service/service.go:95.76,97.3 1 0
be-empower-hr/features/Users/service/service.go:99.2,99.73 1 0
be-empower-hr/features/Users/service/service.go:99.73,101.3 1 0
be-empower-hr/features/Users/service/service.go:102.2,102.79 1 0
be-empower-hr/features/Users/service/service.go:102.79,104.3 1 0
be-empower-hr/features/Users/service/service.go:105.2,105.85 1 0
be-empower-hr/features/Users/service/service.go:105.85,107.3 1 0
be-empower-hr/features/Users/service/service.go:110.2,111.97 2 0
be-empower-hr/features/Users/service/service.go:111.97,113.3 1 0
be-empower-hr/features/Users/service/service.go:115.2,116.16 2 0
be-empower-hr/features/Users/service/service.go:116.16,119.3 2 0
be-empower-hr/features/Users/service/service.go:121.2,121.16 1 0
be-empower-hr/features/Users/service/service.go:126.103,127.57 1 0
be-empower-hr/features/Users/service/service.go:127.57,129.3 1 0
be-empower-hr/features/Users/service/service.go:131.2,131.77 1 0
be-empower-hr/features/Users/service/service.go:131.77,133.3 1 0
be-empower-hr/features/Users/service/service.go:134.2,134.89 1 0
be-empower-hr/features/Users/service/service.go:134.89,136.3 1 0
be-empower-hr/features/Users/service/service.go:137.2,137.79 1 0
be-empower-hr/features/Users/service/service.go:137.79,139.3 1 0
be-empower-hr/features/Users/service/service.go:140.2,140.83 1 0
be-empower-hr/features/Users/service/service.go:140.83,142.3 1 0
be-empower-hr/features/Users/service/service.go:144.2,144.57 1 0
be-empower-hr/features/Users/service/service.go:144.57,145.98 1 0
be-empower-hr/features/Users/service/service.go:145.98,147.4 1 0
be-empower-hr/features/Users/service/service.go:148.3,148.82 1 0
be-empower-hr/features/Users/service/service.go:148.82,150.4 1 0
be-empower-hr/features/Users/service/service.go:154.2,156.16 3 0
be-empower-hr/features/Users/service/service.go:156.16,158.3 1 0
be-empower-hr/features/Users/service/service.go:159.2,159.92 1 0
be-empower-hr/features/Users/service/service.go:159.92,161.3 1 0
be-empower-hr/features/Users/service/service.go:164.2,167.16 3 0
be-empower-hr/features/Users/service/service.go:167.16,170.3 2 0
be-empower-hr/features/Users/service/service.go:172.2,172.16 1 0
be-empower-hr/features/Users/service/service.go:176.98,177.26 1 0
be-empower-hr/features/Users/service/service.go:177.26,178.74 1 0
be-empower-hr/features/Users/service/service.go:178.74,180.4 1 0
be-empower-hr/features/Users/service/service.go:183.2,183.32 1 0
be-empower-hr/features/Users/service/service.go:183.32,184.86 1 0
be-empower-hr/features/Users/service/service.go:184.86,186.4 1 0
be-empower-hr/features/Users/service/service.go:189.2,189.29 1 0
be-empower-hr/features/Users/service/service.go:189.29,191.98 2 0
be-empower-hr/features/Users/service/service.go:191.98,193.4 1 0
be-empower-hr/features/Users/service/service.go:196.2,197.16 2 0
be-empower-hr/features/Users/service/service.go:197.16,200.3 2 0
be-empower-hr/features/Users/service/service.go:202.2,202.12 1 0
be-empower-hr/features/Users/service/service.go:205.105,206.17 1 0
be-empower-hr/features/Users/service/service.go:206.17,208.3 1 0
be-empower-hr/features/Users/service/service.go:209.2,210.16 2 0
be-empower-hr/features/Users/service/service.go:210.16,213.3 2 0
be-empower-hr/features/Users/service/service.go:215.2,215.12 1 0
be-empower-hr/features/Users/service/service.go:219.101,220.26 1 0
be-empower-hr/features/Users/service/service.go:220.26,221.74 1 0
be-empower-hr/features/Users/service/service.go:221.74,223.4 1 0
be-empower-hr/features/Users/service/service.go:226.2,226.32 1 0
be-empower-hr/features/Users/service/service.go:226.32,227.86 1 0
be-empower-hr/features/Users/service/service.go:227.86,229.4 1 0
be-empower-hr/features/Users/service/service.go:232.2,232.29 1 0
be-empower-hr/features/Users/service/service.go:232.29,234.98 2 0
be-empower-hr/features/Users/service/service.go:234.98,236.4 1 0
be-empower-hr/features/Users/service/service.go:239.2,240.16 2 0
be-empower-hr/features/Users/service/service.go:240.16,243.3 2 0
be-empower-hr/features/Users/service/service.go:245.2,245.12 1 0
be-empower-hr/features/Users/service/service.go:249.121,250.16 1 0
be-empower-hr/features/Users/service/service.go:250.16,252.17 2 0
be-empower-hr/features/Users/service/service.go:252.17,255.4 2 0
be-empower-hr/features/Users/service/service.go:256.3,256.22 1 0
be-empower-hr/features/Users/service/service.go:258.2,258.20 1 0
be-empower-hr/features/Users/service/service.go:258.20,260.17 2 0
be-empower-hr/features/Users/service/service.go:260.17,263.4 2 0
be-empower-hr/features/Users/service/service.go:264.3,264.22 1 0
be-empower-hr/features/Users/service/service.go:267.2,268.16 2 0
be-empower-hr/features/Users/service/service.go:268.16,271.3 2 0
be-empower-hr/features/Users/service/service.go:272.2,272.24 1 0
be-empower-hr/features/Users/service/service.go:277.132,280.16 2 0
be-empower-hr/features/Users/service/service.go:280.16,283.3 2 0
be-empower-hr/features/Users/service/service.go:285.2,285.12 1 0
be-empower-hr/features/Users/service/service.go:290.164,293.16 2 0
be-empower-hr/features/Users/service/service.go:293.16,295.3 1 0
be-empower-hr/features/Users/service/service.go:297.2,299.16 3 0
be-empower-hr/features/Users/service/service.go:299.16,301.3 1 0
be-empower-hr/features/Users/service/service.go:303.2,305.16 3 0
be-empower-hr/features/Users/service/service.go:305.16,307.3 1 0
be-empower-hr/features/Users/service/service.go:309.2,310.16 2 0
be-empower-hr/features/Users/service/service.go:310.16,312.3 1 0
be-empower-hr/features/Users/service/service.go:314.2,314.12 1 0
be-empower-hr/features/Users/data_users/models.go:79.81,91.2 1 0
be-empower-hr/features/Users/data_users/models.go:93.71,110.2 1 0
be-empower-hr/features/Users/data_users/models.go:112.72,124.2 1 0
be-empower-hr/features/Users/data_users/models.go:127.64,134.2 1 0
be-empower-hr/features/Users/data_users/query.go:15.47,19.2 1 0
be-empower-hr/features/Users/data_users/query.go:22.86,25.21 3 0
be-empower-hr/features/Users/data_users/query.go:25.21,28.3 2 0
be-empower-hr/features/Users/data_users/query.go:30.2,46.20 2 0
be-empower-hr/features/Users/data_users/query.go:50.82,52.107 2 0
be-empower-hr/features/Users/data_users/query.go:52.107,54.3 1 0
be-empower-hr/features/Users/data_users/query.go:57.2,74.57 2 0
be-empower-hr/features/Users/data_users/query.go:74.57,89.3 2 0
be-empower-hr/features/Users/data_users/query.go:91.2,91.32 1 0
be-empower-hr/features/Users/data_users/query.go:95.134,100.16 3 0
be-empower-hr/features/Users/data_users/query.go:100.16,101.36 1 0
be-empower-hr/features/Users/data_users/query.go:101.36,106.59 2 0
be-empower-hr/features/Users/data_users/query.go:106.59,108.5 1 0
be-empower-hr/features/Users/data_users/query.go:109.9,111.4 1 0
be-empower-hr/features/Users/data_users/query.go:115.2,129.58 2 0
be-empower-hr/features/Users/data_users/query.go:129.58,131.3 1 0
be-empower-hr/features/Users/data_users/query.go:133.2,133.29 1 0
be-empower-hr/features/Users/data_users/query.go:137.97,140.51 2 0
be-empower-hr/features/Users/data_users/query.go:140.51,157.61 2 0
be-empower-hr/features/Users/data_users/query.go:157.61,159.4 1 0
be-empower-hr/features/Users/data_users/query.go:161.3,163.58 2 0
be-empower-hr/features/Users/data_users/query.go:163.58,176.64 2 0
be-empower-hr/features/Users/data_users/query.go:176.64,178.5 1 0
be-empower-hr/features/Users/data_users/query.go:180.4,180.48 1 0
be-empower-hr/features/Users/data_users/query.go:180.48,188.62 2 0
be-empower-hr/features/Users/data_users/query.go:188.62,190.6 1 0
be-empower-hr/features/Users/data_users/query.go:194.3,194.13 1 0
be-empower-hr/features/Users/data_users/query.go:197.2,197.28 1 0
be-empower-hr/features/Users/data_users/query.go:201.60,202.51 1 0
be-empower-hr/features/Users/data_users/query.go:202.51,203.156 1 0
be-empower-hr/features/Users/data_users/query.go:203.156,205.4 1 0
be-empower-hr/features/Users/data_users/query.go:208.3,208.98 1 0
be-empower-hr/features/Users/data_users/query.go:208.98,210.4 1 0
be-empower-hr/features/Users/data_users/query.go:213.3,213.82 1 0
be-empower-hr/features/Users/data_users/query.go:213.82,215.4 1 0
be-empower-hr/features/Users/data_users/query.go:217.3,217.13 1 0
be-empower-hr/features/Users/data_users/query.go:220.2,220.12 1 0
be-empower-hr/features/Users/data_users/query.go:224.70,225.51 1 0
be-empower-hr/features/Users/data_users/query.go:225.51,227.156 1 0
be-empower-hr/features/Users/data_users/query.go:227.156,229.4 1 0
be-empower-hr/features/Users/data_users/query.go:232.3,232.98 1 0
be-empower-hr/features/Users/data_users/query.go:232.98,234.4 1 0
be-empower-hr/features/Users/data_users/query.go:237.3,237.82 1 0
be-empower-hr/features/Users/data_users/query.go:237.82,239.4 1 0
be-empower-hr/features/Users/data_users/query.go:241.3,241.13 1 0
be-empower-hr/features/Users/data_users/query.go:244.2,244.12 1 0
be-empower-hr/features/Users/data_users/query.go:248.98,264.100 2 0
be-empower-hr/features/Users/data_users/query.go:264.100,266.3 1 0
be-empower-hr/features/Users/data_users/query.go:268.2,268.12 1 0
be-empower-hr/features/Users/data_users/query.go:272.95,288.100 2 0
be-empower-hr/features/Users/data_users/query.go:288.100,290.3 1 0
be-empower-hr/features/Users/data_users/query.go:292.2,292.12 1 0
be-empower-hr/features/Users/data_users/query.go:296.103,309.116 2 0
be-empower-hr/features/Users/data_users/query.go:309.116,311.3 1 0
be-empower-hr/features/Users/data_users/query.go:313.2,313.12 1 0
be-empower-hr/features/Users/data_users/query.go:317.127,321.22 3 0
be-empower-hr/features/Users/data_users/query.go:321.22,323.3 1 0
be-empower-hr/features/Users/data_users/query.go:325.2,325.26 1 0
be-empower-hr/features/Users/data_users/query.go:325.26,327.3 1 0
be-empower-hr/features/Users/data_users/query.go:329.2,329.12 1 0
be-empower-hr/features/Users/data_users/query.go:333.95,335.128 2 0
be-empower-hr/features/Users/data_users/query.go:335.128,337.3 1 0
be-empower-hr/features/Users/data_users/query.go:339.2,340.48 2 0
be-empower-hr/features/Users/data_users/query.go:340.48,346.58 2 0
be-empower-hr/features/Users/data_users/query.go:346.58,353.4 2 0
be-empower-hr/features/Users/data_users/query.go:355.3,355.46 1 0
be-empower-hr/features/Users/data_users/query.go:358.2,358.20 1 0
be-empower-hr/features/Users/data_users/query.go:362.89,364.86 2 0
be-empower-hr/features/Users/data_users/query.go:364.86,366.3 1 0
be-empower-hr/features/Users/data_users/query.go:367.2,370.21 3 0
be-empower-hr/features/Users/data_users/query.go:370.21,373.3 2 0
be-empower-hr/features/Users/data_users/query.go:375.2,376.48 2 0
be-empower-hr/features/Users/data_users/query.go:376.48,383.58 2 0
be-empower-hr/features/Users/data_users/query.go:383.58,392.4 2 0
be-empower-hr/features/Users/data_users/query.go:394.3,394.46 1 0
be-empower-hr/features/Users/data_users/query.go:397.2,397.20 1 0
be-empower-hr/features/Users/data_users/query.go:400.96,405.45 2 0
be-empower-hr/features/Users/data_users/query.go:405.45,407.3 1 0
be-empower-hr/features/Users/data_users/query.go:409.2,410.48 2 0
be-empower-hr/features/Users/data_users/query.go:410.48,416.58 2 0
be-empower-hr/features/Users/data_users/query.go:416.58,417.39 1 0
be-empower-hr/features/Users/data_users/query.go:417.39,425.5 2 0
be-empower-hr/features/Users/data_users/query.go:428.3,428.46 1 0
be-empower-hr/features/Users/data_users/query.go:431.2,431.20 1 0
be-empower-hr/features/Users/data_users/query.go:435.105,440.16 4 0
be-empower-hr/features/Users/data_users/query.go:440.16,442.3 1 0
be-empower-hr/features/Users/data_users/query.go:444.2,444.25 1 0
be-empower-hr/features/Users/data_users/query.go:448.112,453.16 4 0
be-empower-hr/features/Users/data_users/query.go:453.16,455.3 1 0
be-empower-hr/features/Users/data_users/query.go:457.2,457.25 1 0
be-empower-hr/features/Users/data_users/query.go:461.97,466.16 4 0
be-empower-hr/features/Users/data_users/query.go:466.16,468.3 1 0
be-empower-hr/features/Users/data_users/query.go:470.2,470.12 1 0
be-empower-hr/mocks/AHandler.go:16.57,19.19 2 0
be-empower-hr/mocks/AHandler.go:19.19,20.55 1 0
be-empower-hr/mocks/AHandler.go:23.2,24.57 2 0
be-empower-hr/mocks/AHandler.go:24.57,26.3 1 0
be-empower-hr/mocks/AHandler.go:26.8,28.3 1 0
be-empower-hr/mocks/AHandler.go:30.2,30.11 1 0
be-empower-hr/mocks/AHandler.go:34.60,37.19 2 0
be-empower-hr/mocks/AHandler.go:37.19,38.58 1 0
be-empower-hr/mocks/AHandler.go:41.2,42.57 2 0
be-empower-hr/mocks/AHandler.go:42.57,44.3 1 0
be-empower-hr/mocks/AHandler.go:44.8,46.3 1 0
be-empower-hr/mocks/AHandler.go:48.2,48.11 1 0
be-empower-hr/mocks/AHandler.go:52.55,55.19 2 0
be-empower-hr/mocks/AHandler.go:55.19,56.53 1 0
be-empower-hr/mocks/AHandler.go:59.2,60.57 2 0
be-empower-hr/mocks/AHandler.go:60.57,62.3 1 0
be-empower-hr/mocks/AHandler.go:62.8,64.3 1 0
be-empower-hr/mocks/AHandler.go:66.2,66.11 1 0
be-empower-hr/mocks/AHandler.go:70.68,73.19 2 0
be-empower-hr/mocks/AHandler.go:73.19,74.66 1 0
be-empower-hr/mocks/AHandler.go:77.2,78.57 2 0
be-empower-hr/mocks/AHandler.go:78.57,80.3 1 0
be-empower-hr/mocks/AHandler.go:80.8,82.3 1 0
be-empower-hr/mocks/AHandler.go:84.2,84.11 1 0
be-empower-hr/mocks/AHandler.go:88.65,91.19 2 0
be-empower-hr/mocks/AHandler.go:91.19,92.63 1 0
be-empower-hr/mocks/AHandler.go:95.2,96.57 2 0
be-empower-hr/mocks/AHandler.go:96.57,98.3 1 0
be-empower-hr/mocks/AHandler.go:98.8,100.3 1 0
be-empower-hr/mocks/AHandler.go:102.2,102.11 1 0
be-empower-hr/mocks/AHandler.go:106.60,109.19 2 0
be-empower-hr/mocks/AHandler.go:109.19,110.58 1 0
be-empower-hr/mocks/AHandler.go:113.2,114.57 2 0
be-empower-hr/mocks/AHandler.go:114.57,116.3 1 0
be-empower-hr/mocks/AHandler.go:116.8,118.3 1 0
be-empower-hr/mocks/AHandler.go:120.2,120.11 1 0
be-empower-hr/mocks/AHandler.go:128.14,132.19 3 0
be-empower-hr/mocks/AHandler.go:132.19,132.49 1 0
be-empower-hr/mocks/AHandler.go:134.2,134.13 1 0
be-empower-hr/mocks/AQuery.go:17.62,20.19 2 0
be-empower-hr/mocks/AQuery.go:20.19,21.48 1 0
be-empower-hr/mocks/AQuery.go:24.2,25.66 2 0
be-empower-hr/mocks/AQuery.go:25.66,27.3 1 0
be-empower-hr/mocks/AQuery.go:27.8,29.3 1 0
be-empower-hr/mocks/AQuery.go:31.2,31.11 1 0
be-empower-hr/mocks/AQuery.go:35.51,38.19 2 0
be-empower-hr/mocks/AQuery.go:38.19,39.55 1 0
be-empower-hr/mocks/AQuery.go:42.2,43.49 2 0
be-empower-hr/mocks/AQuery.go:43.49,45.3 1 0
be-empower-hr/mocks/AQuery.go:45.8,47.3 1 0
be-empower-hr/mocks/AQuery.go:49.2,49.11 1 0
be-empower-hr/mocks/AQuery.go:53.85,56.19 2 0
be-empower-hr/mocks/AQuery.go:56.19,57.51 1 0
be-empower-hr/mocks/AQuery.go:60.2,62.80 3 0
be-empower-hr/mocks/AQuery.go:62.80,64.3 1 0
be-empower-hr/mocks/AQuery.go:65.2,65.71 1 0
be-empower-hr/mocks/AQuery.go:65.71,67.3 1 0
be-empower-hr/mocks/AQuery.go:67.8,68.24 1 0
be-empower-hr/mocks/AQuery.go:68.24,70.4 1 0
be-empower-hr/mocks/AQuery.go:73.2,73.53 1 0
be-empower-hr/mocks/AQuery.go:73.53,75.3 1 0
be-empower-hr/mocks/AQuery.go:75.8,77.3 1 0
be-empower-hr/mocks/AQuery.go:79.2,79.15 1 0
be-empower-hr/mocks/AQuery.go:83.72,86.19 2 0
be-empower-hr/mocks/AQuery.go:86.19,87.59 1 0
be-empower-hr/mocks/AQuery.go:90.2,92.72 3 0
be-empower-hr/mocks/AQuery.go:92.72,94.3 1 0
be-empower-hr/mocks/AQuery.go:95.2,95.63 1 0
be-empower-hr/mocks/AQuery.go:95.63,97.3 1 0
be-empower-hr/mocks/AQuery.go:97.8,98.24 1 0
be-empower-hr/mocks/AQuery.go:98.24,100.4 1 0
be-empower-hr/mocks/AQuery.go:103.2,103.45 1 0
be-empower-hr/mocks/AQuery.go:103.45,105.3 1 0
be-empower-hr/mocks/AQuery.go:105.8,107.3 1 0
be-empower-hr/mocks/AQuery.go:109.2,109.15 1 0
be-empower-hr/mocks/AQuery.go:113.111,116.19 2 0
be-empower-hr/mocks/AQuery.go:116.19,117.60 1 0
be-empower-hr/mocks/AQuery.go:120.2,122.86 3 0
be-empower-hr/mocks/AQuery.go:122.86,124.3 1 0
be-empower-hr/mocks/AQuery.go:125.2,125.77 1 0
be-empower-hr/mocks/AQuery.go:125.77,127.3 1 0
be-empower-hr/mocks/AQuery.go:127.8,128.24 1 0
be-empower-hr/mocks/AQuery.go:128.24,130.4 1 0
be-empower-hr/mocks/AQuery.go:133.2,133.59 1 0
be-empower-hr/mocks/AQuery.go:133.59,135.3 1 0
be-empower-hr/mocks/AQuery.go:135.8,137.3 1 0
be-empower-hr/mocks/AQuery.go:139.2,139.15 1 0
be-empower-hr/mocks/AQuery.go:143.61,146.19 2 0
be-empower-hr/mocks/AQuery.go:146.19,147.66 1 0
be-empower-hr/mocks/AQuery.go:150.2,152.54 3 0
be-empower-hr/mocks/AQuery.go:152.54,154.3 1 0
be-empower-hr/mocks/AQuery.go:155.2,155.45 1 0
be-empower-hr/mocks/AQuery.go:155.45,157.3 1 0
be-empower-hr/mocks/AQuery.go:157.8,159.3 1 0
be-empower-hr/mocks/AQuery.go:161.2,161.45 1 0
be-empower-hr/mocks/AQuery.go:161.45,163.3 1 0
be-empower-hr/mocks/AQuery.go:163.8,165.3 1 0
be-empower-hr/mocks/AQuery.go:167.2,167.15 1 0
be-empower-hr/mocks/AQuery.go:171.76,174.19 2 0
be-empower-hr/mocks/AQuery.go:174.19,175.54 1 0
be-empower-hr/mocks/AQuery.go:178.2,180.65 3 0
be-empower-hr/mocks/AQuery.go:180.65,182.3 1 0
be-empower-hr/mocks/AQuery.go:183.2,183.56 1 0
be-empower-hr/mocks/AQuery.go:183.56,185.3 1 0
be-empower-hr/mocks/AQuery.go:185.8,187.3 1 0
be-empower-hr/mocks/AQuery.go:189.2,189.57 1 0
be-empower-hr/mocks/AQuery.go:189.57,191.3 1 0
be-empower-hr/mocks/AQuery.go:191.8,193.3 1 0
be-empower-hr/mocks/AQuery.go:195.2,195.15 1 0
be-empower-hr/mocks/AQuery.go:199.75,202.19 2 0
be-empower-hr/mocks/AQuery.go:202.19,203.48 1 0
be-empower-hr/mocks/AQuery.go:206.2,207.72 2 0
be-empower-hr/mocks/AQuery.go:207.72,209.3 1 0
be-empower-hr/mocks/AQuery.go:209.8,211.3 1 0
be-empower-hr/mocks/AQuery.go:213.2,213.11 1 0
be-empower-hr/mocks/AQuery.go:221.12,225.19 3 0
be-empower-hr/mocks/AQuery.go:225.19,225.49 1 0
be-empower-hr/mocks/AQuery.go:227.2,227.13 1 0
be-empower-hr/mocks/AServices.go:17.65,20.19 2 0
be-empower-hr/mocks/AServices.go:20.19,21.48 1 0
be-empower-hr/mocks/AServices.go:24.2,25.66 2 0
be-empower-hr/mocks/AServices.go:25.66,27.3 1 0
be-empower-hr/mocks/AServices.go:27.8,29.3 1 0
be-empower-hr/mocks/AServices.go:31.2,31.11 1 0
be-empower-hr/mocks/AServices.go:35.51,38.19 2 0
be-empower-hr/mocks/AServices.go:38.19,39.53 1 0
be-empower-hr/mocks/AServices.go:42.2,44.54 3 0
be-empower-hr/mocks/AServices.go:44.54,46.3 1 0
be-empower-hr/mocks/AServices.go:47.2,47.45 1 0
be-empower-hr/mocks/AServices.go:47.45,49.3 1 0
be-empower-hr/mocks/AServices.go:49.8,51.3 1 0
be-empower-hr/mocks/AServices.go:53.2,53.45 1 0
be-empower-hr/mocks/AServices.go:53.45,55.3 1 0
be-empower-hr/mocks/AServices.go:55.8,57.3 1 0
be-empower-hr/mocks/AServices.go:59.2,59.15 1 0
be-empower-hr/mocks/AServices.go:63.54,66.19 2 0
be-empower-hr/mocks/AServices.go:66.19,67.55 1 0
be-empower-hr/mocks/AServices.go:70.2,71.49 2 0
be-empower-hr/mocks/AServices.go:71.49,73.3 1 0
be-empower-hr/mocks/AServices.go:73.8,75.3 1 0
be-empower-hr/mocks/AServices.go:77.2,77.11 1 0
be-empower-hr/mocks/AServices.go:81.45,84.19 2 0
be-empower-hr/mocks/AServices.go:84.19,85.56 1 0
be-empower-hr/mocks/AServices.go:88.2,89.45 2 0
be-empower-hr/mocks/AServices.go:89.45,91.3 1 0
be-empower-hr/mocks/AServices.go:91.8,93.3 1 0
be-empower-hr/mocks/AServices.go:95.2,95.11 1 0
be-empower-hr/mocks/AServices.go:99.88,102.19 2 0
be-empower-hr/mocks/AServices.go:102.19,103.51 1 0
be-empower-hr/mocks/AServices.go:106.2,108.80 3 0
be-empower-hr/mocks/AServices.go:108.80,110.3 1 0
be-empower-hr/mocks/AServices.go:111.2,111.71 1 0
be-empower-hr/mocks/AServices.go:111.71,113.3 1 0
be-empower-hr/mocks/AServices.go:113.8,114.24 1 0
be-empower-hr/mocks/AServices.go:114.24,116.4 1 0
be-empower-hr/mocks/AServices.go:119.2,119.53 1 0
be-empower-hr/mocks/AServices.go:119.53,121.3 1 0
be-empower-hr/mocks/AServices.go:121.8,123.3 1 0
be-empower-hr/mocks/AServices.go:125.2,125.15 1 0
be-empower-hr/mocks/AServices.go:129.114,132.19 2 0
be-empower-hr/mocks/AServices.go:132.19,133.60 1 0
be-empower-hr/mocks/AServices.go:136.2,138.86 3 0
be-empower-hr/mocks/AServices.go:138.86,140.3 1 0
be-empower-hr/mocks/AServices.go:141.2,141.77 1 0
be-empower-hr/mocks/AServices.go:141.77,143.3 1 0
be-empower-hr/mocks/AServices.go:143.8,144.24 1 0
be-empower-hr/mocks/AServices.go:144.24,146.4 1 0
be-empower-hr/mocks/AServices.go:149.2,149.59 1 0
be-empower-hr/mocks/AServices.go:149.59,151.3 1 0
be-empower-hr/mocks/AServices.go:151.8,153.3 1 0
be-empower-hr/mocks/AServices.go:155.2,155.15 1 0
be-empower-hr/mocks/AServices.go:159.80,162.19 2 0
be-empower-hr/mocks/AServices.go:162.19,163.51 1 0
be-empower-hr/mocks/AServices.go:166.2,167.72 2 0
be-empower-hr/mocks/AServices.go:167.72,169.3 1 0
be-empower-hr/mocks/AServices.go:169.8,171.3 1 0
be-empower-hr/mocks/AServices.go:173.2,173.11 1 0
be-empower-hr/mocks/AServices.go:181.15,185.19 3 0
be-empower-hr/mocks/AServices.go:185.19,185.49 1 0
be-empower-hr/mocks/AServices.go:187.2,187.13 1 0
be-empower-hr/mocks/AccountUtilityInterface.go:13.76,16.19 2 0
be-empower-hr/mocks/AccountUtilityInterface.go:16.19,17.56 1 0
be-empower-hr/mocks/AccountUtilityInterface.go:20.2,21.51 2 0
be-empower-hr/mocks/AccountUtilityInterface.go:21.51,23.3 1 0
be-empower-hr/mocks/AccountUtilityInterface.go:23.8,25.3 1 0
be-empower-hr/mocks/AccountUtilityInterface.go:27.2,27.11 1 0
be-empower-hr/mocks/AccountUtilityInterface.go:31.83,34.19 2 0
be-empower-hr/mocks/AccountUtilityInterface.go:34.19,35.67 1 0
be-empower-hr/mocks/AccountUtilityInterface.go:38.2,39.51 2 0
be-empower-hr/mocks/AccountUtilityInterface.go:39.51,41.3 1 0
be-empower-hr/mocks/AccountUtilityInterface.go:41.8,43.3 1 0
be-empower-hr/mocks/AccountUtilityInterface.go:45.2,45.11 1 0
be-empower-hr/mocks/AccountUtilityInterface.go:49.73,52.19 2 0
be-empower-hr/mocks/AccountUtilityInterface.go:52.19,53.57 1 0
be-empower-hr/mocks/AccountUtilityInterface.go:56.2,57.51 2 0
be-empower-hr/mocks/AccountUtilityInterface.go:57.51,59.3 1 0
be-empower-hr/mocks/AccountUtilityInterface.go:59.8,61.3 1 0
be-empower-hr/mocks/AccountUtilityInterface.go:63.2,63.11 1 0
be-empower-hr/mocks/AccountUtilityInterface.go:67.81,70.19 2 0
be-empower-hr/mocks/AccountUtilityInterface.go:70.19,71.58 1 0
be-empower-hr/mocks/AccountUtilityInterface.go:74.2,76.58 3 0
be-empower-hr/mocks/AccountUtilityInterface.go:76.58,78.3 1 0
be-empower-hr/mocks/AccountUtilityInterface.go:79.2,79.49 1 0
be-empower-hr/mocks/AccountUtilityInterface.go:79.49,81.3 1 0
be-empower-hr/mocks/AccountUtilityInterface.go:81.8,83.3 1 0
be-empower-hr/mocks/AccountUtilityInterface.go:85.2,85.48 1 0
be-empower-hr/mocks/AccountUtilityInterface.go:85.48,87.3 1 0
be-empower-hr/mocks/AccountUtilityInterface.go:87.8,89.3 1 0
be-empower-hr/mocks/AccountUtilityInterface.go:91.2,91.15 1 0
be-empower-hr/mocks/AccountUtilityInterface.go:95.74,98.19 2 0
be-empower-hr/mocks/AccountUtilityInterface.go:98.19,99.59 1 0
be-empower-hr/mocks/AccountUtilityInterface.go:102.2,103.51 2 0
be-empower-hr/mocks/AccountUtilityInterface.go:103.51,105.3 1 0
be-empower-hr/mocks/AccountUtilityInterface.go:105.8,107.3 1 0
be-empower-hr/mocks/AccountUtilityInterface.go:109.2,109.11 1 0
be-empower-hr/mocks/AccountUtilityInterface.go:113.69,116.19 2 0
be-empower-hr/mocks/AccountUtilityInterface.go:116.19,117.52 1 0
be-empower-hr/mocks/AccountUtilityInterface.go:120.2,122.57 3 0
be-empower-hr/mocks/AccountUtilityInterface.go:122.57,124.3 1 0
be-empower-hr/mocks/AccountUtilityInterface.go:125.2,125.48 1 0
be-empower-hr/mocks/AccountUtilityInterface.go:125.48,127.3 1 0
be-empower-hr/mocks/AccountUtilityInterface.go:127.8,128.24 1 0
be-empower-hr/mocks/AccountUtilityInterface.go:128.24,130.4 1 0
be-empower-hr/mocks/AccountUtilityInterface.go:133.2,133.48 1 0
be-empower-hr/mocks/AccountUtilityInterface.go:133.48,135.3 1 0
be-empower-hr/mocks/AccountUtilityInterface.go:135.8,137.3 1 0
be-empower-hr/mocks/AccountUtilityInterface.go:139.2,139.15 1 0
be-empower-hr/mocks/AccountUtilityInterface.go:143.82,146.19 2 0
be-empower-hr/mocks/AccountUtilityInterface.go:146.19,147.59 1 0
be-empower-hr/mocks/AccountUtilityInterface.go:150.2,151.51 2 0
be-empower-hr/mocks/AccountUtilityInterface.go:151.51,153.3 1 0
be-empower-hr/mocks/AccountUtilityInterface.go:153.8,155.3 1 0
be-empower-hr/mocks/AccountUtilityInterface.go:157.2,157.11 1 0
be-empower-hr/mocks/AccountUtilityInterface.go:161.79,164.19 2 0
be-empower-hr/mocks/AccountUtilityInterface.go:164.19,165.62 1 0
be-empower-hr/mocks/AccountUtilityInterface.go:168.2,169.51 2 0
be-empower-hr/mocks/AccountUtilityInterface.go:169.51,171.3 1 0
be-empower-hr/mocks/AccountUtilityInterface.go:171.8,173.3 1 0
be-empower-hr/mocks/AccountUtilityInterface.go:175.2,175.11 1 0
be-empower-hr/mocks/AccountUtilityInterface.go:179.77,182.19 2 0
be-empower-hr/mocks/AccountUtilityInterface.go:182.19,183.59 1 0
be-empower-hr/mocks/AccountUtilityInterface.go:186.2,187.51 2 0
be-empower-hr/mocks/AccountUtilityInterface.go:187.51,189.3 1 0
be-empower-hr/mocks/AccountUtilityInterface.go:189.8,191.3 1 0
be-empower-hr/mocks/AccountUtilityInterface.go:193.2,193.11 1 0
be-empower-hr/mocks/AccountUtilityInterface.go:201.29,205.19 3 0
be-empower-hr/mocks/AccountUtilityInterface.go:205.19,205.49 1 0
be-empower-hr/mocks/AccountUtilityInterface.go:207.2,207.13 1 0
be-empower-hr/mocks/CloudinaryUtilityInterface.go:17.105,20.19 2 0
be-empower-hr/mocks/CloudinaryUtilityInterface.go:20.19,21.58 1 0
be-empower-hr/mocks/CloudinaryUtilityInterface.go:24.2,26.72 3 0
be-empower-hr/mocks/CloudinaryUtilityInterface.go:26.72,28.3 1 0
be-empower-hr/mocks/CloudinaryUtilityInterface.go:29.2,29.63 1 0
be-empower-hr/mocks/CloudinaryUtilityInterface.go:29.63,31.3 1 0
be-empower-hr/mocks/CloudinaryUtilityInterface.go:31.8,33.3 1 0
be-empower-hr/mocks/CloudinaryUtilityInterface.go:35.2,35.62 1 0
be-empower-hr/mocks/CloudinaryUtilityInterface.go:35.62,37.3 1 0
be-empower-hr/mocks/CloudinaryUtilityInterface.go:37.8,39.3 1 0
be-empower-hr/mocks/CloudinaryUtilityInterface.go:41.2,41.15 1 0
be-empower-hr/mocks/CloudinaryUtilityInterface.go:49.32,53.19 3 0
be-empower-hr/mocks/CloudinaryUtilityInterface.go:53.19,53.49 1 0
be-empower-hr/mocks/CloudinaryUtilityInterface.go:55.2,55.13 1 0
be-empower-hr/mocks/DataScheduleInterface.go:17.96,20.19 2 0
be-empower-hr/mocks/DataScheduleInterface.go:20.19,21.56 1 0
be-empower-hr/mocks/DataScheduleInterface.go:24.2,26.80 3 0
be-empower-hr/mocks/DataScheduleInterface.go:26.80,28.3 1 0
be-empower-hr/mocks/DataScheduleInterface.go:29.2,29.71 1 0
be-empower-hr/mocks/DataScheduleInterface.go:29.71,31.3 1 0
be-empower-hr/mocks/DataScheduleInterface.go:31.8,33.3 1 0
be-empower-hr/mocks/DataScheduleInterface.go:35.2,35.72 1 0
be-empower-hr/mocks/DataScheduleInterface.go:35.72,37.3 1 0
be-empower-hr/mocks/DataScheduleInterface.go:37.8,39.3 1 0
be-empower-hr/mocks/DataScheduleInterface.go:41.2,41.15 1 0
be-empower-hr/mocks/DataScheduleInterface.go:45.72,48.19 2 0
be-empower-hr/mocks/DataScheduleInterface.go:48.19,49.56 1 0
be-empower-hr/mocks/DataScheduleInterface.go:52.2,53.49 2 0
be-empower-hr/mocks/DataScheduleInterface.go:53.49,55.3 1 0
be-empower-hr/mocks/DataScheduleInterface.go:55.8,57.3 1 0
be-empower-hr/mocks/DataScheduleInterface.go:59.2,59.11 1 0
be-empower-hr/mocks/DataScheduleInterface.go:63.90,66.19 2 0
be-empower-hr/mocks/DataScheduleInterface.go:66.19,67.56 1 0
be-empower-hr/mocks/DataScheduleInterface.go:70.2,72.78 3 0
be-empower-hr/mocks/DataScheduleInterface.go:72.78,74.3 1 0
be-empower-hr/mocks/DataScheduleInterface.go:75.2,75.69 1 0
be-empower-hr/mocks/DataScheduleInterface.go:75.69,77.3 1 0
be-empower-hr/mocks/DataScheduleInterface.go:77.8,78.24 1 0
be-empower-hr/mocks/DataScheduleInterface.go:78.24,80.4 1 0
be-empower-hr/mocks/DataScheduleInterface.go:83.2,83.45 1 0
be-empower-hr/mocks/DataScheduleInterface.go:83.45,85.3 1 0
be-empower-hr/mocks/DataScheduleInterface.go:85.8,87.3 1 0
be-empower-hr/mocks/DataScheduleInterface.go:89.2,89.15 1 0
be-empower-hr/mocks/DataScheduleInterface.go:93.105,96.19 2 0
be-empower-hr/mocks/DataScheduleInterface.go:96.19,97.57 1 0
be-empower-hr/mocks/DataScheduleInterface.go:100.2,102.81 3 0
be-empower-hr/mocks/DataScheduleInterface.go:102.81,104.3 1 0
be-empower-hr/mocks/DataScheduleInterface.go:105.2,105.72 1 0
be-empower-hr/mocks/DataScheduleInterface.go:105.72,107.3 1 0
be-empower-hr/mocks/DataScheduleInterface.go:107.8,108.24 1 0
be-empower-hr/mocks/DataScheduleInterface.go:108.24,110.4 1 0
be-empower-hr/mocks/DataScheduleInterface.go:113.2,113.49 1 0
be-empower-hr/mocks/DataScheduleInterface.go:113.49,115.3 1 0
be-empower-hr/mocks/DataScheduleInterface.go:115.8,117.3 1 0
be-empower-hr/mocks/DataScheduleInterface.go:119.2,119.15 1 0
be-empower-hr/mocks/DataScheduleInterface.go:123.109,126.19 2 0
be-empower-hr/mocks/DataScheduleInterface.go:126.19,127.56 1 0
be-empower-hr/mocks/DataScheduleInterface.go:130.2,131.78 2 0
be-empower-hr/mocks/DataScheduleInterface.go:131.78,133.3 1 0
be-empower-hr/mocks/DataScheduleInterface.go:133.8,135.3 1 0
be-empower-hr/mocks/DataScheduleInterface.go:137.2,137.11 1 0
be-empower-hr/mocks/DataScheduleInterface.go:145.27,149.19 3 0
be-empower-hr/mocks/DataScheduleInterface.go:149.19,149.49 1 0
be-empower-hr/mocks/DataScheduleInterface.go:151.2,151.13 1 0
be-empower-hr/mocks/DataUserInterface.go:17.94,20.19 2 0
be-empower-hr/mocks/DataUserInterface.go:20.19,21.56 1 0
be-empower-hr/mocks/DataUserInterface.go:24.2,26.80 3 0
be-empower-hr/mocks/DataUserInterface.go:26.80,28.3 1 0
be-empower-hr/mocks/DataUserInterface.go:29.2,29.71 1 0
be-empower-hr/mocks/DataUserInterface.go:29.71,31.3 1 0
be-empower-hr/mocks/DataUserInterface.go:31.8,32.24 1 0
be-empower-hr/mocks/DataUserInterface.go:32.24,34.4 1 0
be-empower-hr/mocks/DataUserInterface.go:37.2,37.51 1 0
be-empower-hr/mocks/DataUserInterface.go:37.51,39.3 1 0
be-empower-hr/mocks/DataUserInterface.go:39.8,41.3 1 0
be-empower-hr/mocks/DataUserInterface.go:43.2,43.15 1 0
be-empower-hr/mocks/DataUserInterface.go:47.90,50.19 2 0
be-empower-hr/mocks/DataUserInterface.go:50.19,51.53 1 0
be-empower-hr/mocks/DataUserInterface.go:54.2,56.78 3 0
be-empower-hr/mocks/DataUserInterface.go:56.78,58.3 1 0
be-empower-hr/mocks/DataUserInterface.go:59.2,59.69 1 0
be-empower-hr/mocks/DataUserInterface.go:59.69,61.3 1 0
be-empower-hr/mocks/DataUserInterface.go:61.8,62.24 1 0
be-empower-hr/mocks/DataUserInterface.go:62.24,64.4 1 0
be-empower-hr/mocks/DataUserInterface.go:67.2,67.49 1 0
be-empower-hr/mocks/DataUserInterface.go:67.49,69.3 1 0
be-empower-hr/mocks/DataUserInterface.go:69.8,71.3 1 0
be-empower-hr/mocks/DataUserInterface.go:73.2,73.15 1 0
be-empower-hr/mocks/DataUserInterface.go:77.156,80.19 2 0
be-empower-hr/mocks/DataUserInterface.go:80.19,81.60 1 0
be-empower-hr/mocks/DataUserInterface.go:84.2,86.101 3 0
be-empower-hr/mocks/DataUserInterface.go:86.101,88.3 1 0
be-empower-hr/mocks/DataUserInterface.go:89.2,89.92 1 0
be-empower-hr/mocks/DataUserInterface.go:89.92,91.3 1 0
be-empower-hr/mocks/DataUserInterface.go:91.8,93.3 1 0
be-empower-hr/mocks/DataUserInterface.go:95.2,95.93 1 0
be-empower-hr/mocks/DataUserInterface.go:95.93,97.3 1 0
be-empower-hr/mocks/DataUserInterface.go:97.8,99.3 1 0
be-empower-hr/mocks/DataUserInterface.go:101.2,101.15 1 0
be-empower-hr/mocks/DataUserInterface.go:105.100,108.19 2 0
be-empower-hr/mocks/DataUserInterface.go:108.19,109.63 1 0
be-empower-hr/mocks/DataUserInterface.go:112.2,114.77 3 0
be-empower-hr/mocks/DataUserInterface.go:114.77,116.3 1 0
be-empower-hr/mocks/DataUserInterface.go:117.2,117.68 1 0
be-empower-hr/mocks/DataUserInterface.go:117.68,119.3 1 0
be-empower-hr/mocks/DataUserInterface.go:119.8,121.3 1 0
be-empower-hr/mocks/DataUserInterface.go:123.2,123.69 1 0
be-empower-hr/mocks/DataUserInterface.go:123.69,125.3 1 0
be-empower-hr/mocks/DataUserInterface.go:125.8,127.3 1 0
be-empower-hr/mocks/DataUserInterface.go:129.2,129.15 1 0
be-empower-hr/mocks/DataUserInterface.go:133.120,136.19 2 0
be-empower-hr/mocks/DataUserInterface.go:136.19,137.58 1 0
be-empower-hr/mocks/DataUserInterface.go:140.2,142.85 3 0
be-empower-hr/mocks/DataUserInterface.go:142.85,144.3 1 0
be-empower-hr/mocks/DataUserInterface.go:145.2,145.76 1 0
be-empower-hr/mocks/DataUserInterface.go:145.76,147.3 1 0
be-empower-hr/mocks/DataUserInterface.go:147.8,149.3 1 0
be-empower-hr/mocks/DataUserInterface.go:151.2,151.77 1 0
be-empower-hr/mocks/DataUserInterface.go:151.77,153.3 1 0
be-empower-hr/mocks/DataUserInterface.go:153.8,155.3 1 0
be-empower-hr/mocks/DataUserInterface.go:157.2,157.15 1 0
be-empower-hr/mocks/DataUserInterface.go:161.105,164.19 2 0
be-empower-hr/mocks/DataUserInterface.go:164.19,165.55 1 0
be-empower-hr/mocks/DataUserInterface.go:168.2,169.74 2 0
be-empower-hr/mocks/DataUserInterface.go:169.74,171.3 1 0
be-empower-hr/mocks/DataUserInterface.go:171.8,173.3 1 0
be-empower-hr/mocks/DataUserInterface.go:175.2,175.11 1 0
be-empower-hr/mocks/DataUserInterface.go:179.113,182.19 2 0
be-empower-hr/mocks/DataUserInterface.go:182.19,183.56 1 0
be-empower-hr/mocks/DataUserInterface.go:186.2,188.83 3 0
be-empower-hr/mocks/DataUserInterface.go:188.83,190.3 1 0
be-empower-hr/mocks/DataUserInterface.go:191.2,191.74 1 0
be-empower-hr/mocks/DataUserInterface.go:191.74,193.3 1 0
be-empower-hr/mocks/DataUserInterface.go:193.8,195.3 1 0
be-empower-hr/mocks/DataUserInterface.go:197.2,197.75 1 0
be-empower-hr/mocks/DataUserInterface.go:197.75,199.3 1 0
be-empower-hr/mocks/DataUserInterface.go:199.8,201.3 1 0
be-empower-hr/mocks/DataUserInterface.go:203.2,203.15 1 0
be-empower-hr/mocks/DataUserInterface.go:207.68,210.19 2 0
be-empower-hr/mocks/DataUserInterface.go:210.19,211.60 1 0
be-empower-hr/mocks/DataUserInterface.go:214.2,215.49 2 0
be-empower-hr/mocks/DataUserInterface.go:215.49,217.3 1 0
be-empower-hr/mocks/DataUserInterface.go:217.8,219.3 1 0
be-empower-hr/mocks/DataUserInterface.go:221.2,221.11 1 0
be-empower-hr/mocks/DataUserInterface.go:225.78,228.19 2 0
be-empower-hr/mocks/DataUserInterface.go:228.19,229.70 1 0
be-empower-hr/mocks/DataUserInterface.go:232.2,233.49 2 0
be-empower-hr/mocks/DataUserInterface.go:233.49,235.3 1 0
be-empower-hr/mocks/DataUserInterface.go:235.8,237.3 1 0
be-empower-hr/mocks/DataUserInterface.go:239.2,239.11 1 0
be-empower-hr/mocks/DataUserInterface.go:243.104,246.19 2 0
be-empower-hr/mocks/DataUserInterface.go:246.19,247.62 1 0
be-empower-hr/mocks/DataUserInterface.go:250.2,252.81 3 0
be-empower-hr/mocks/DataUserInterface.go:252.81,254.3 1 0
be-empower-hr/mocks/DataUserInterface.go:255.2,255.72 1 0
be-empower-hr/mocks/DataUserInterface.go:255.72,257.3 1 0
be-empower-hr/mocks/DataUserInterface.go:257.8,258.24 1 0
be-empower-hr/mocks/DataUserInterface.go:258.24,260.4 1 0
be-empower-hr/mocks/DataUserInterface.go:263.2,263.51 1 0
be-empower-hr/mocks/DataUserInterface.go:263.51,265.3 1 0
be-empower-hr/mocks/DataUserInterface.go:265.8,267.3 1 0
be-empower-hr/mocks/DataUserInterface.go:269.2,269.15 1 0
be-empower-hr/mocks/DataUserInterface.go:273.103,276.19 2 0
be-empower-hr/mocks/DataUserInterface.go:276.19,277.58 1 0
be-empower-hr/mocks/DataUserInterface.go:280.2,282.81 3 0
be-empower-hr/mocks/DataUserInterface.go:282.81,284.3 1 0
be-empower-hr/mocks/DataUserInterface.go:285.2,285.72 1 0
be-empower-hr/mocks/DataUserInterface.go:285.72,287.3 1 0
be-empower-hr/mocks/DataUserInterface.go:287.8,288.24 1 0
be-empower-hr/mocks/DataUserInterface.go:288.24,290.4 1 0
be-empower-hr/mocks/DataUserInterface.go:293.2,293.51 1 0
be-empower-hr/mocks/DataUserInterface.go:293.51,295.3 1 0
be-empower-hr/mocks/DataUserInterface.go:295.8,297.3 1 0
be-empower-hr/mocks/DataUserInterface.go:299.2,299.15 1 0
be-empower-hr/mocks/DataUserInterface.go:303.97,306.19 2 0
be-empower-hr/mocks/DataUserInterface.go:306.19,307.48 1 0
be-empower-hr/mocks/DataUserInterface.go:310.2,312.83 3 0
be-empower-hr/mocks/DataUserInterface.go:312.83,314.3 1 0
be-empower-hr/mocks/DataUserInterface.go:315.2,315.74 1 0
be-empower-hr/mocks/DataUserInterface.go:315.74,317.3 1 0
be-empower-hr/mocks/DataUserInterface.go:317.8,318.24 1 0
be-empower-hr/mocks/DataUserInterface.go:318.24,320.4 1 0
be-empower-hr/mocks/DataUserInterface.go:323.2,323.53 1 0
be-empower-hr/mocks/DataUserInterface.go:323.53,325.3 1 0
be-empower-hr/mocks/DataUserInterface.go:325.8,327.3 1 0
be-empower-hr/mocks/DataUserInterface.go:329.2,329.15 1 0
be-empower-hr/mocks/DataUserInterface.go:333.103,336.19 2 0
be-empower-hr/mocks/DataUserInterface.go:336.19,337.61 1 0
be-empower-hr/mocks/DataUserInterface.go:340.2,341.75 2 0
be-empower-hr/mocks/DataUserInterface.go:341.75,343.3 1 0
be-empower-hr/mocks/DataUserInterface.go:343.8,345.3 1 0
be-empower-hr/mocks/DataUserInterface.go:347.2,347.11 1 0
be-empower-hr/mocks/DataUserInterface.go:351.106,354.19 2 0
be-empower-hr/mocks/DataUserInterface.go:354.19,355.64 1 0
be-empower-hr/mocks/DataUserInterface.go:358.2,359.75 2 0
be-empower-hr/mocks/DataUserInterface.go:359.75,361.3 1 0
be-empower-hr/mocks/DataUserInterface.go:361.8,363.3 1 0
be-empower-hr/mocks/DataUserInterface.go:365.2,365.11 1 0
be-empower-hr/mocks/DataUserInterface.go:369.139,372.19 2 0
be-empower-hr/mocks/DataUserInterface.go:372.19,373.66 1 0
be-empower-hr/mocks/DataUserInterface.go:376.2,377.83 2 0
be-empower-hr/mocks/DataUserInterface.go:377.83,379.3 1 0
be-empower-hr/mocks/DataUserInterface.go:379.8,381.3 1 0
be-empower-hr/mocks/DataUserInterface.go:383.2,383.11 1 0
be-empower-hr/mocks/DataUserInterface.go:387.111,390.19 2 0
be-empower-hr/mocks/DataUserInterface.go:390.19,391.66 1 0
be-empower-hr/mocks/DataUserInterface.go:394.2,395.77 2 0
be-empower-hr/mocks/DataUserInterface.go:395.77,397.3 1 0
be-empower-hr/mocks/DataUserInterface.go:397.8,399.3 1 0
be-empower-hr/mocks/DataUserInterface.go:401.2,401.11 1 0
be-empower-hr/mocks/DataUserInterface.go:409.23,413.19 3 0
be-empower-hr/mocks/DataUserInterface.go:413.19,413.49 1 0
be-empower-hr/mocks/DataUserInterface.go:415.2,415.13 1 0
be-empower-hr/mocks/ExcelUtilityInterface.go:13.81,16.19 2 0
be-empower-hr/mocks/ExcelUtilityInterface.go:16.19,17.55 1 0
be-empower-hr/mocks/ExcelUtilityInterface.go:20.2,22.65 3 0
be-empower-hr/mocks/ExcelUtilityInterface.go:22.65,24.3 1 0
be-empower-hr/mocks/ExcelUtilityInterface.go:25.2,25.56 1 0
be-empower-hr/mocks/ExcelUtilityInterface.go:25.56,27.3 1 0
be-empower-hr/mocks/ExcelUtilityInterface.go:27.8,28.24 1 0
be-empower-hr/mocks/ExcelUtilityInterface.go:28.24,30.4 1 0
be-empower-hr/mocks/ExcelUtilityInterface.go:33.2,33.55 1 0
be-empower-hr/mocks/ExcelUtilityInterface.go:33.55,35.3 1 0
be-empower-hr/mocks/ExcelUtilityInterface.go:35.8,37.3 1 0
be-empower-hr/mocks/ExcelUtilityInterface.go:39.2,39.15 1 0
be-empower-hr/mocks/ExcelUtilityInterface.go:47.27,51.19 3 0
be-empower-hr/mocks/ExcelUtilityInterface.go:51.19,51.49 1 0
be-empower-hr/mocks/ExcelUtilityInterface.go:53.2,53.13 1 0
be-empower-hr/mocks/Handler.go:16.50,19.19 2 0
be-empower-hr/mocks/Handler.go:19.19,20.52 1 0
be-empower-hr/mocks/Handler.go:23.2,24.56 2 0
be-empower-hr/mocks/Handler.go:24.56,26.3 1 0
be-empower-hr/mocks/Handler.go:26.8,27.24 1 0
be-empower-hr/mocks/Handler.go:27.24,29.4 1 0
be-empower-hr/mocks/Handler.go:32.2,32.11 1 0
be-empower-hr/mocks/Handler.go:36.53,39.19 2 0
be-empower-hr/mocks/Handler.go:39.19,40.55 1 0
be-empower-hr/mocks/Handler.go:43.2,44.56 2 0
be-empower-hr/mocks/Handler.go:44.56,46.3 1 0
be-empower-hr/mocks/Handler.go:46.8,47.24 1 0
be-empower-hr/mocks/Handler.go:47.24,49.4 1 0
be-empower-hr/mocks/Handler.go:52.2,52.11 1 0
be-empower-hr/mocks/Handler.go:60.13,64.19 3 0
be-empower-hr/mocks/Handler.go:64.19,64.49 1 0
be-empower-hr/mocks/Handler.go:66.2,66.13 1 0
be-empower-hr/mocks/HashInterface.go:13.78,16.19 2 0
be-empower-hr/mocks/HashInterface.go:16.19,17.59 1 0
be-empower-hr/mocks/HashInterface.go:20.2,21.58 2 0
be-empower-hr/mocks/HashInterface.go:21.58,23.3 1 0
be-empower-hr/mocks/HashInterface.go:23.8,25.3 1 0
be-empower-hr/mocks/HashInterface.go:27.2,27.11 1 0
be-empower-hr/mocks/HashInterface.go:31.69,34.19 2 0
be-empower-hr/mocks/HashInterface.go:34.19,35.54 1 0
be-empower-hr/mocks/HashInterface.go:38.2,40.61 3 0
be-empower-hr/mocks/HashInterface.go:40.61,42.3 1 0
be-empower-hr/mocks/HashInterface.go:43.2,43.52 1 0
be-empower-hr/mocks/HashInterface.go:43.52,45.3 1 0
be-empower-hr/mocks/HashInterface.go:45.8,47.3 1 0
be-empower-hr/mocks/HashInterface.go:49.2,49.51 1 0
be-empower-hr/mocks/HashInterface.go:49.51,51.3 1 0
be-empower-hr/mocks/HashInterface.go:51.8,53.3 1 0
be-empower-hr/mocks/HashInterface.go:55.2,55.15 1 0
be-empower-hr/mocks/HashInterface.go:63.19,67.19 3 0
be-empower-hr/mocks/HashInterface.go:67.19,67.49 1 0
be-empower-hr/mocks/HashInterface.go:69.2,69.13 1 0
be-empower-hr/mocks/MiddlewaresInterface.go:17.73,20.19 2 0
be-empower-hr/mocks/MiddlewaresInterface.go:20.19,21.53 1 0
be-empower-hr/mocks/MiddlewaresInterface.go:24.2,26.58 3 0
be-empower-hr/mocks/MiddlewaresInterface.go:26.58,28.3 1 0
be-empower-hr/mocks/MiddlewaresInterface.go:29.2,29.49 1 0
be-empower-hr/mocks/MiddlewaresInterface.go:29.49,31.3 1 0
be-empower-hr/mocks/MiddlewaresInterface.go:31.8,33.3 1 0
be-empower-hr/mocks/MiddlewaresInterface.go:35.2,35.48 1 0
be-empower-hr/mocks/MiddlewaresInterface.go:35.48,37.3 1 0
be-empower-hr/mocks/MiddlewaresInterface.go:37.8,39.3 1 0
be-empower-hr/mocks/MiddlewaresInterface.go:41.2,41.15 1 0
be-empower-hr/mocks/MiddlewaresInterface.go:45.72,48.19 2 0
be-empower-hr/mocks/MiddlewaresInterface.go:48.19,49.60 1 0
be-empower-hr/mocks/MiddlewaresInterface.go:52.2,53.55 2 0
be-empower-hr/mocks/MiddlewaresInterface.go:53.55,55.3 1 0
be-empower-hr/mocks/MiddlewaresInterface.go:55.8,57.3 1 0
be-empower-hr/mocks/MiddlewaresInterface.go:59.2,59.11 1 0
be-empower-hr/mocks/MiddlewaresInterface.go:63.77,66.19 2 0
be-empower-hr/mocks/MiddlewaresInterface.go:66.19,67.62 1 0
be-empower-hr/mocks/MiddlewaresInterface.go:70.2,71.58 2 0
be-empower-hr/mocks/MiddlewaresInterface.go:71.58,73.3 1 0
be-empower-hr/mocks/MiddlewaresInterface.go:73.8,75.3 1 0
be-empower-hr/mocks/MiddlewaresInterface.go:77.2,77.11 1 0
be-empower-hr/mocks/MiddlewaresInterface.go:81.69,84.19 2 0
be-empower-hr/mocks/MiddlewaresInterface.go:84.19,85.57 1 0
be-empower-hr/mocks/MiddlewaresInterface.go:88.2,89.51 2 0
be-empower-hr/mocks/MiddlewaresInterface.go:89.51,91.3 1 0
be-empower-hr/mocks/MiddlewaresInterface.go:91.8,93.3 1 0
be-empower-hr/mocks/MiddlewaresInterface.go:95.2,95.11 1 0
be-empower-hr/mocks/MiddlewaresInterface.go:99.71,102.19 2 0
be-empower-hr/mocks/MiddlewaresInterface.go:102.19,103.60 1 0
be-empower-hr/mocks/MiddlewaresInterface.go:106.2,107.50 2 0
be-empower-hr/mocks/MiddlewaresInterface.go:107.50,109.3 1 0
be-empower-hr/mocks/MiddlewaresInterface.go:109.8,111.3 1 0
be-empower-hr/mocks/MiddlewaresInterface.go:113.2,113.11 1 0
be-empower-hr/mocks/MiddlewaresInterface.go:117.69,120.19 2 0
be-empower-hr/mocks/MiddlewaresInterface.go:120.19,121.55 1 0
be-empower-hr/mocks/MiddlewaresInterface.go:124.2,125.59 2 0
be-empower-hr/mocks/MiddlewaresInterface.go:125.59,127.3 1 0
be-empower-hr/mocks/MiddlewaresInterface.go:127.8,128.24 1 0
be-empower-hr/mocks/MiddlewaresInterface.go:128.24,130.4 1 0
be-empower-hr/mocks/MiddlewaresInterface.go:133.2,133.11 1 0
be-empower-hr/mocks/MiddlewaresInterface.go:141.26,145.19 3 0
be-empower-hr/mocks/MiddlewaresInterface.go:145.19,145.49 1 0
be-empower-hr/mocks/MiddlewaresInterface.go:147.2,147.13 1 0
be-empower-hr/mocks/PdfUtilityInterface.go:17.98,20.19 2 0
be-empower-hr/mocks/PdfUtilityInterface.go:20.19,21.53 1 0
be-empower-hr/mocks/PdfUtilityInterface.go:24.2,25.76 2 0
be-empower-hr/mocks/PdfUtilityInterface.go:25.76,27.3 1 0
be-empower-hr/mocks/PdfUtilityInterface.go:27.8,29.3 1 0
be-empower-hr/mocks/PdfUtilityInterface.go:31.2,31.11 1 0
be-empower-hr/mocks/PdfUtilityInterface.go:35.77,38.19 2 0
be-empower-hr/mocks/PdfUtilityInterface.go:38.19,39.51 1 0
be-empower-hr/mocks/PdfUtilityInterface.go:42.2,43.59 2 0
be-empower-hr/mocks/PdfUtilityInterface.go:43.59,45.3 1 0
be-empower-hr/mocks/PdfUtilityInterface.go:45.8,47.3 1 0
be-empower-hr/mocks/PdfUtilityInterface.go:49.2,49.11 1 0
be-empower-hr/mocks/PdfUtilityInterface.go:57.25,61.19 3 0
be-empower-hr/mocks/PdfUtilityInterface.go:61.19,61.49 1 0
be-empower-hr/mocks/PdfUtilityInterface.go:63.2,63.13 1 0
be-empower-hr/mocks/Query.go:17.68,20.19 2 0
be-empower-hr/mocks/Query.go:20.19,21.52 1 0
be-empower-hr/mocks/Query.go:24.2,26.76 3 0
be-empower-hr/mocks/Query.go:26.76,28.3 1 0
be-empower-hr/mocks/Query.go:29.2,29.67 1 0
be-empower-hr/mocks/Query.go:29.67,31.3 1 0
be-empower-hr/mocks/Query.go:31.8,33.3 1 0
be-empower-hr/mocks/Query.go:35.2,35.45 1 0
be-empower-hr/mocks/Query.go:35.45,37.3 1 0
be-empower-hr/mocks/Query.go:37.8,39.3 1 0
be-empower-hr/mocks/Query.go:41.2,41.15 1 0
be-empower-hr/mocks/Query.go:45.90,48.19 2 0
be-empower-hr/mocks/Query.go:48.19,49.55 1 0
be-empower-hr/mocks/Query.go:52.2,53.78 2 0
be-empower-hr/mocks/Query.go:53.78,55.3 1 0
be-empower-hr/mocks/Query.go:55.8,57.3 1 0
be-empower-hr/mocks/Query.go:59.2,59.11 1 0
be-empower-hr/mocks/Query.go:67.11,71.19 3 0
be-empower-hr/mocks/Query.go:71.19,71.49 1 0
be-empower-hr/mocks/Query.go:73.2,73.13 1 0
be-empower-hr/mocks/Service.go:17.70,20.19 2 0
be-empower-hr/mocks/Service.go:20.19,21.52 1 0
be-empower-hr/mocks/Service.go:24.2,26.76 3 0
be-empower-hr/mocks/Service.go:26.76,28.3 1 0
be-empower-hr/mocks/Service.go:29.2,29.67 1 0
be-empower-hr/mocks/Service.go:29.67,31.3 1 0
be-empower-hr/mocks/Service.go:31.8,33.3 1 0
be-empower-hr/mocks/Service.go:35.2,35.45 1 0
be-empower-hr/mocks/Service.go:35.45,37.3 1 0
be-empower-hr/mocks/Service.go:37.8,39.3 1 0
be-empower-hr/mocks/Service.go:41.2,41.15 1 0
be-empower-hr/mocks/Service.go:45.92,48.19 2 0
be-empower-hr/mocks/Service.go:48.19,49.55 1 0
be-empower-hr/mocks/Service.go:52.2,53.78 2 0
be-empower-hr/mocks/Service.go:53.78,55.3 1 0
be-empower-hr/mocks/Service.go:55.8,57.3 1 0
be-empower-hr/mocks/Service.go:59.2,59.11 1 0
be-empower-hr/mocks/Service.go:67.13,71.19 3 0
be-empower-hr/mocks/Service.go:71.19,71.49 1 0
be-empower-hr/mocks/Service.go:73.2,73.13 1 0
be-empower-hr/mocks/ServiceScheduleInterface.go:17.99,20.19 2 0
be-empower-hr/mocks/ServiceScheduleInterface.go:20.19,21.56 1 0
be-empower-hr/mocks/ServiceScheduleInterface.go:24.2,26.80 3 0
be-empower-hr/mocks/ServiceScheduleInterface.go:26.80,28.3 1 0
be-empower-hr/mocks/ServiceScheduleInterface.go:29.2,29.71 1 0
be-empower-hr/mocks/ServiceScheduleInterface.go:29.71,31.3 1 0
be-empower-hr/mocks/ServiceScheduleInterface.go:31.8,33.3 1 0
be-empower-hr/mocks/ServiceScheduleInterface.go:35.2,35.72 1 0
be-empower-hr/mocks/ServiceScheduleInterface.go:35.72,37.3 1 0
be-empower-hr/mocks/ServiceScheduleInterface.go:37.8,39.3 1 0
be-empower-hr/mocks/ServiceScheduleInterface.go:41.2,41.15 1 0
be-empower-hr/mocks/ServiceScheduleInterface.go:45.75,48.19 2 0
be-empower-hr/mocks/ServiceScheduleInterface.go:48.19,49.56 1 0
be-empower-hr/mocks/ServiceScheduleInterface.go:52.2,53.49 2 0
be-empower-hr/mocks/ServiceScheduleInterface.go:53.49,55.3 1 0
be-empower-hr/mocks/ServiceScheduleInterface.go:55.8,57.3 1 0
be-empower-hr/mocks/ServiceScheduleInterface.go:59.2,59.11 1 0
be-empower-hr/mocks/ServiceScheduleInterface.go:63.93,66.19 2 0
be-empower-hr/mocks/ServiceScheduleInterface.go:66.19,67.56 1 0
be-empower-hr/mocks/ServiceScheduleInterface.go:70.2,72.78 3 0
be-empower-hr/mocks/ServiceScheduleInterface.go:72.78,74.3 1 0
be-empower-hr/mocks/ServiceScheduleInterface.go:75.2,75.69 1 0
be-empower-hr/mocks/ServiceScheduleInterface.go:75.69,77.3 1 0
be-empower-hr/mocks/ServiceScheduleInterface.go:77.8,78.24 1 0
be-empower-hr/mocks/ServiceScheduleInterface.go:78.24,80.4 1 0
be-empower-hr/mocks/ServiceScheduleInterface.go:83.2,83.45 1 0
be-empower-hr/mocks/ServiceScheduleInterface.go:83.45,85.3 1 0
be-empower-hr/mocks/ServiceScheduleInterface.go:85.8,87.3 1 0
be-empower-hr/mocks/ServiceScheduleInterface.go:89.2,89.15 1 0
be-empower-hr/mocks/ServiceScheduleInterface.go:93.108,96.19 2 0
be-empower-hr/mocks/ServiceScheduleInterface.go:96.19,97.57 1 0
be-empower-hr/mocks/ServiceScheduleInterface.go:100.2,102.81 3 0
be-empower-hr/mocks/ServiceScheduleInterface.go:102.81,104.3 1 0
be-empower-hr/mocks/ServiceScheduleInterface.go:105.2,105.72 1 0
be-empower-hr/mocks/ServiceScheduleInterface.go:105.72,107.3 1 0
be-empower-hr/mocks/ServiceScheduleInterface.go:107.8,108.24 1 0
be-empower-hr/mocks/ServiceScheduleInterface.go:108.24,110.4 1 0
be-empower-hr/mocks/ServiceScheduleInterface.go:113.2,113.49 1 0
be-empower-hr/mocks/ServiceScheduleInterface.go:113.49,115.3 1 0
be-empower-hr/mocks/ServiceScheduleInterface.go:115.8,117.3 1 0
be-empower-hr/mocks/ServiceScheduleInterface.go:119.2,119.15 1 0
be-empower-hr/mocks/ServiceScheduleInterface.go:123.112,126.19 2 0
be-empower-hr/mocks/ServiceScheduleInterface.go:126.19,127.56 1 0
be-empower-hr/mocks/ServiceScheduleInterface.go:130.2,131.78 2 0
be-empower-hr/mocks/ServiceScheduleInterface.go:131.78,133.3 1 0
be-empower-hr/mocks/ServiceScheduleInterface.go:133.8,135.3 1 0
be-empower-hr/mocks/ServiceScheduleInterface.go:137.2,137.11 1 0
be-empower-hr/mocks/ServiceScheduleInterface.go:145.30,149.19 3 0
be-empower-hr/mocks/ServiceScheduleInterface.go:149.19,149.49 1 0
be-empower-hr/mocks/ServiceScheduleInterface.go:151.2,151.13 1 0
be-empower-hr/mocks/ServiceUserInterface.go:17.173,20.19 2 0
be-empower-hr/mocks/ServiceUserInterface.go:20.19,21.59 1 0
be-empower-hr/mocks/ServiceUserInterface.go:24.2,25.122 2 0
be-empower-hr/mocks/ServiceUserInterface.go:25.122,27.3 1 0
be-empower-hr/mocks/ServiceUserInterface.go:27.8,29.3 1 0
be-empower-hr/mocks/ServiceUserInterface.go:31.2,31.11 1 0
be-empower-hr/mocks/ServiceUserInterface.go:35.71,38.19 2 0
be-empower-hr/mocks/ServiceUserInterface.go:38.19,39.60 1 0
be-empower-hr/mocks/ServiceUserInterface.go:42.2,43.49 2 0
be-empower-hr/mocks/ServiceUserInterface.go:43.49,45.3 1 0
be-empower-hr/mocks/ServiceUserInterface.go:45.8,47.3 1 0
be-empower-hr/mocks/ServiceUserInterface.go:49.2,49.11 1 0
be-empower-hr/mocks/ServiceUserInterface.go:53.81,56.19 2 0
be-empower-hr/mocks/ServiceUserInterface.go:56.19,57.70 1 0
be-empower-hr/mocks/ServiceUserInterface.go:60.2,61.49 2 0
be-empower-hr/mocks/ServiceUserInterface.go:61.49,63.3 1 0
be-empower-hr/mocks/ServiceUserInterface.go:63.8,65.3 1 0
be-empower-hr/mocks/ServiceUserInterface.go:67.2,67.11 1 0
be-empower-hr/mocks/ServiceUserInterface.go:71.137,74.19 2 0
be-empower-hr/mocks/ServiceUserInterface.go:74.19,75.55 1 0
be-empower-hr/mocks/ServiceUserInterface.go:78.2,80.99 3 0
be-empower-hr/mocks/ServiceUserInterface.go:80.99,82.3 1 0
be-empower-hr/mocks/ServiceUserInterface.go:83.2,83.90 1 0
be-empower-hr/mocks/ServiceUserInterface.go:83.90,85.3 1 0
be-empower-hr/mocks/ServiceUserInterface.go:85.8,86.24 1 0
be-empower-hr/mocks/ServiceUserInterface.go:86.24,88.4 1 0
be-empower-hr/mocks/ServiceUserInterface.go:91.2,91.69 1 0
be-empower-hr/mocks/ServiceUserInterface.go:91.69,93.3 1 0
be-empower-hr/mocks/ServiceUserInterface.go:93.8,95.3 1 0
be-empower-hr/mocks/ServiceUserInterface.go:97.2,97.15 1 0
be-empower-hr/mocks/ServiceUserInterface.go:101.92,104.19 2 0
be-empower-hr/mocks/ServiceUserInterface.go:104.19,105.52 1 0
be-empower-hr/mocks/ServiceUserInterface.go:108.2,110.78 3 0
be-empower-hr/mocks/ServiceUserInterface.go:110.78,112.3 1 0
be-empower-hr/mocks/ServiceUserInterface.go:113.2,113.69 1 0
be-empower-hr/mocks/ServiceUserInterface.go:113.69,115.3 1 0
be-empower-hr/mocks/ServiceUserInterface.go:115.8,116.24 1 0
be-empower-hr/mocks/ServiceUserInterface.go:116.24,118.4 1 0
be-empower-hr/mocks/ServiceUserInterface.go:121.2,121.49 1 0
be-empower-hr/mocks/ServiceUserInterface.go:121.49,123.3 1 0
be-empower-hr/mocks/ServiceUserInterface.go:123.8,125.3 1 0
be-empower-hr/mocks/ServiceUserInterface.go:127.2,127.15 1 0
be-empower-hr/mocks/ServiceUserInterface.go:131.96,134.19 2 0
be-empower-hr/mocks/ServiceUserInterface.go:134.19,135.56 1 0
be-empower-hr/mocks/ServiceUserInterface.go:138.2,140.78 3 0
be-empower-hr/mocks/ServiceUserInterface.go:140.78,142.3 1 0
be-empower-hr/mocks/ServiceUserInterface.go:143.2,143.69 1 0
be-empower-hr/mocks/ServiceUserInterface.go:143.69,145.3 1 0
be-empower-hr/mocks/ServiceUserInterface.go:145.8,146.24 1 0
be-empower-hr/mocks/ServiceUserInterface.go:146.24,148.4 1 0
be-empower-hr/mocks/ServiceUserInterface.go:151.2,151.49 1 0
be-empower-hr/mocks/ServiceUserInterface.go:151.49,153.3 1 0
be-empower-hr/mocks/ServiceUserInterface.go:153.8,155.3 1 0
be-empower-hr/mocks/ServiceUserInterface.go:157.2,157.15 1 0
be-empower-hr/mocks/ServiceUserInterface.go:161.120,164.19 2 0
be-empower-hr/mocks/ServiceUserInterface.go:164.19,165.54 1 0
be-empower-hr/mocks/ServiceUserInterface.go:168.2,171.96 4 0
be-empower-hr/mocks/ServiceUserInterface.go:171.96,173.3 1 0
be-empower-hr/mocks/ServiceUserInterface.go:174.2,174.79 1 0
be-empower-hr/mocks/ServiceUserInterface.go:174.79,176.3 1 0
be-empower-hr/mocks/ServiceUserInterface.go:176.8,177.24 1 0
be-empower-hr/mocks/ServiceUserInterface.go:177.24,179.4 1 0
be-empower-hr/mocks/ServiceUserInterface.go:182.2,182.60 1 0
be-empower-hr/mocks/ServiceUserInterface.go:182.60,184.3 1 0
be-empower-hr/mocks/ServiceUserInterface.go:184.8,186.3 1 0
be-empower-hr/mocks/ServiceUserInterface.go:188.2,188.59 1 0
be-empower-hr/mocks/ServiceUserInterface.go:188.59,190.3 1 0
be-empower-hr/mocks/ServiceUserInterface.go:190.8,192.3 1 0
be-empower-hr/mocks/ServiceUserInterface.go:194.2,194.19 1 0
be-empower-hr/mocks/ServiceUserInterface.go:198.164,201.19 2 0
be-empower-hr/mocks/ServiceUserInterface.go:201.19,202.64 1 0
be-empower-hr/mocks/ServiceUserInterface.go:205.2,207.101 3 0
be-empower-hr/mocks/ServiceUserInterface.go:207.101,209.3 1 0
be-empower-hr/mocks/ServiceUserInterface.go:210.2,210.92 1 0
be-empower-hr/mocks/ServiceUserInterface.go:210.92,212.3 1 0
be-empower-hr/mocks/ServiceUserInterface.go:212.8,214.3 1 0
be-empower-hr/mocks/ServiceUserInterface.go:216.2,216.93 1 0
be-empower-hr/mocks/ServiceUserInterface.go:216.93,218.3 1 0
be-empower-hr/mocks/ServiceUserInterface.go:218.8,220.3 1 0
be-empower-hr/mocks/ServiceUserInterface.go:222.2,222.15 1 0
be-empower-hr/mocks/ServiceUserInterface.go:226.112,229.19 2 0
be-empower-hr/mocks/ServiceUserInterface.go:229.19,230.67 1 0
be-empower-hr/mocks/ServiceUserInterface.go:233.2,235.77 3 0
be-empower-hr/mocks/ServiceUserInterface.go:235.77,237.3 1 0
be-empower-hr/mocks/ServiceUserInterface.go:238.2,238.68 1 0
be-empower-hr/mocks/ServiceUserInterface.go:238.68,240.3 1 0
be-empower-hr/mocks/ServiceUserInterface.go:240.8,242.3 1 0
be-empower-hr/mocks/ServiceUserInterface.go:244.2,244.69 1 0
be-empower-hr/mocks/ServiceUserInterface.go:244.69,246.3 1 0
be-empower-hr/mocks/ServiceUserInterface.go:246.8,248.3 1 0
be-empower-hr/mocks/ServiceUserInterface.go:250.2,250.15 1 0
be-empower-hr/mocks/ServiceUserInterface.go:254.142,257.19 2 0
be-empower-hr/mocks/ServiceUserInterface.go:257.19,258.66 1 0
be-empower-hr/mocks/ServiceUserInterface.go:261.2,262.83 2 0
be-empower-hr/mocks/ServiceUserInterface.go:262.83,264.3 1 0
[...]
be-empower-hr/mocks/MiddlewaresInterface.go:26.58,28.3 1 0
be-empower-hr/mocks/MiddlewaresInterface.go:29.2,29.49 1 0
be-empower-hr/mocks/MiddlewaresInterface.go:29.49,31.3 1 0
be-empower-hr/mocks/MiddlewaresInterface.go:31.8,33.3 1 0
be-empower-hr/mocks/MiddlewaresInterface.go:35.2,35.48 1 0
be-empower-hr/mocks/MiddlewaresInterface.go:35.48,37.3 1 0
be-empower-hr/mocks/MiddlewaresInterface.go:37.8,39.3 1 0
be-empower-hr/mocks/MiddlewaresInterface.go:41.2,41.15 1 0
be-empower-hr/mocks/MiddlewaresInterface.go:45.72,48.19 2 0
be-empower-hr/mocks/MiddlewaresInterface.go:48.19,49.60 1 0
be-empower-hr/mocks/MiddlewaresInterface.go:52.2,53.55 2 0
be-empower-hr/mocks/MiddlewaresInterface.go:53.55,55.3 1 0
be-empower-hr/mocks/MiddlewaresInterface.go:55.8,57.3 1 0
be-empower-hr/mocks/MiddlewaresInterface.go:59.2,59.11 1 0
be-empower-hr/mocks/MiddlewaresInterface.go:63.77,66.19 2 0
be-empower-hr/mocks/MiddlewaresInterface.go:66.19,67.62 1 0
be-empower-hr/mocks/MiddlewaresInterface.go:70.2,71.58 2 0
be-empower-hr/mocks/MiddlewaresInterface.go:71.58,73.3 1 0
be-empower-hr/mocks/MiddlewaresInterface.go:73.8,75.3 1 0
be-empower-hr/mocks/MiddlewaresInterface.go:77.2,77.11 1 0
be-empower-hr/mocks/MiddlewaresInterface.go:81.69,84.19 2 0
be-empower-hr/mocks/MiddlewaresInterface.go:84.19,85.57 1 0
be-empower-hr/mocks/MiddlewaresInterface.go:88.2,89.51 2 0
be-empower-hr/mocks/MiddlewaresInterface.go:89.51,91.3 1 0
be-empower-hr/mocks/MiddlewaresInterface.go:91.8,93.3 1 0
be-empower-hr/mocks/MiddlewaresInterface.go:95.2,95.11 1 0
be-empower-hr/mocks/MiddlewaresInterface.go:99.71,102.19 2 0
be-empower-hr/mocks/MiddlewaresInterface.go:102.19,103.60 1 0
be-empower-hr/mocks/MiddlewaresInterface.go:106.2,107.50 2 0
be-empower-hr/mocks/MiddlewaresInterface.go:107.50,109.3 1 0
be-empower-hr/mocks/MiddlewaresInterface.go:109.8,111.3 1 0
be-empower-hr/mocks/MiddlewaresInterface.go:113.2,113.11 1 0
be-empower-hr/mocks/MiddlewaresInterface.go:117.69,120.19 2 0
be-empower-hr/mocks/MiddlewaresInterface.go:120.19,121.55 1 0
be-empower-hr/mocks/MiddlewaresInterface.go:124.2,125.59 2 0
be-empower-hr/mocks/MiddlewaresInterface.go:125.59,127.3 1 0
be-empower-hr/mocks/MiddlewaresInterface.go:127.8,128.24 1 0
be-empower-hr/mocks/MiddlewaresInterface.go:128.24,130.4 1 0
be-empower-hr/mocks/MiddlewaresInterface.go:133.2,133.11 1 0
be-empower-hr/mocks/MiddlewaresInterface.go:141.26,145.19 3 0
be-empower-hr/mocks/MiddlewaresInterface.go:145.19,145.49 1 0
be-empower-hr/mocks/MiddlewaresInterface.go:147.2,147.13 1 0
be-empower-hr/mocks/PdfUtilityInterface.go:17.98,20.19 2 0
be-empower-hr/mocks/PdfUtilityInterface.go:20.19,21.53 1 0
be-empower-hr/mocks/PdfUtilityInterface.go:24.2,25.76 2 0
be-empower-hr/mocks/PdfUtilityInterface.go:25.76,27.3 1 0
be-empower-hr/mocks/PdfUtilityInterface.go:27.8,29.3 1 0
be-empower-hr/mocks/PdfUtilityInterface.go:31.2,31.11 1 0
be-empower-hr/mocks/PdfUtilityInterface.go:35.77,38.19 2 0
be-empower-hr/mocks/PdfUtilityInterface.go:38.19,39.51 1 0
be-empower-hr/mocks/PdfUtilityInterface.go:42.2,43.59 2 0
be-empower-hr/mocks/PdfUtilityInterface.go:43.59,45.3 1 0
be-empower-hr/mocks/PdfUtilityInterface.go:45.8,47.3 1 0
be-empower-hr/mocks/PdfUtilityInterface.go:49.2,49.11 1 0
be-empower-hr/mocks/PdfUtilityInterface.go:57.25,61.19 3 0
be-empower-hr/mocks/PdfUtilityInterface.go:61.19,61.49 1 0
be-empower-hr/mocks/PdfUtilityInterface.go:63.2,63.13 1 0
be-empower-hr/mocks/Query.go:17.68,20.19 2 1
be-empower-hr/mocks/Query.go:20.19,21.52 1 0
be-empower-hr/mocks/Query.go:24.2,26.76 3 1
be-empower-hr/mocks/Query.go:26.76,28.3 1 0
be-empower-hr/mocks/Query.go:29.2,29.67 1 1
be-empower-hr/mocks/Query.go:29.67,31.3 1 0
be-empower-hr/mocks/Query.go:31.8,33.3 1 1
be-empower-hr/mocks/Query.go:35.2,35.45 1 1
be-empower-hr/mocks/Query.go:35.45,37.3 1 0
be-empower-hr/mocks/Query.go:37.8,39.3 1 1
be-empower-hr/mocks/Query.go:41.2,41.15 1 1
be-empower-hr/mocks/Query.go:45.90,48.19 2 1
be-empower-hr/mocks/Query.go:48.19,49.55 1 0
be-empower-hr/mocks/Query.go:52.2,53.78 2 1
be-empower-hr/mocks/Query.go:53.78,55.3 1 0
be-empower-hr/mocks/Query.go:55.8,57.3 1 1
be-empower-hr/mocks/Query.go:59.2,59.11 1 1
be-empower-hr/mocks/Query.go:67.11,71.19 3 1
be-empower-hr/mocks/Query.go:71.19,71.49 1 1
be-empower-hr/mocks/Query.go:73.2,73.13 1 1
be-empower-hr/mocks/Service.go:17.70,20.19 2 0
be-empower-hr/mocks/Service.go:20.19,21.52 1 0
be-empower-hr/mocks/Service.go:24.2,26.76 3 0
be-empower-hr/mocks/Service.go:26.76,28.3 1 0
be-empower-hr/mocks/Service.go:29.2,29.67 1 0
be-empower-hr/mocks/Service.go:29.67,31.3 1 0
be-empower-hr/mocks/Service.go:31.8,33.3 1 0
be-empower-hr/mocks/Service.go:35.2,35.45 1 0
be-empower-hr/mocks/Service.go:35.45,37.3 1 0
be-empower-hr/mocks/Service.go:37.8,39.3 1 0
be-empower-hr/mocks/Service.go:41.2,41.15 1 0
be-empower-hr/mocks/Service.go:45.92,48.19 2 0
be-empower-hr/mocks/Service.go:48.19,49.55 1 0
be-empower-hr/mocks/Service.go:52.2,53.78 2 0
be-empower-hr/mocks/Service.go:53.78,55.3 1 0
be-empower-hr/mocks/Service.go:55.8,57.3 1 0
be-empower-hr/mocks/Service.go:59.2,59.11 1 0
be-empower-hr/mocks/Service.go:67.13,71.19 3 0
be-empower-hr/mocks/Service.go:71.19,71.49 1 0
be-empower-hr/mocks/Service.go:73.2,73.13 1 0
be-empower-hr/mocks/ServiceScheduleInterface.go:17.99,20.19 2 0
be-empower-hr/mocks/ServiceScheduleInterface.go:20.19,21.56 1 0
be-empower-hr/mocks/ServiceScheduleInterface.go:24.2,26.80 3 0
be-empower-hr/mocks/ServiceScheduleInterface.go:26.80,28.3 1 0
be-empower-hr/mocks/ServiceScheduleInterface.go:29.2,29.71 1 0
be-empower-hr/mocks/ServiceScheduleInterface.go:29.71,31.3 1 0
be-empower-hr/mocks/ServiceScheduleInterface.go:31.8,33.3 1 0
be-empower-hr/mocks/ServiceScheduleInterface.go:35.2,35.72 1 0
be-empower-hr/mocks/ServiceScheduleInterface.go:35.72,37.3 1 0
be-empower-hr/mocks/ServiceScheduleInterface.go:37.8,39.3 1 0
be-empower-hr/mocks/ServiceScheduleInterface.go:41.2,41.15 1 0
be-empower-hr/mocks/ServiceScheduleInterface.go:45.75,48.19 2 0
be-empower-hr/mocks/ServiceScheduleInterface.go:48.19,49.56 1 0
be-empower-hr/mocks/ServiceScheduleInterface.go:52.2,53.49 2 0
be-empower-hr/mocks/ServiceScheduleInterface.go:53.49,55.3 1 0
be-empower-hr/mocks/ServiceScheduleInterface.go:55.8,57.3 1 0
be-empower-hr/mocks/ServiceScheduleInterface.go:59.2,59.11 1 0
be-empower-hr/mocks/ServiceScheduleInterface.go:63.93,66.19 2 0
be-empower-hr/mocks/ServiceScheduleInterface.go:66.19,67.56 1 0
be-empower-hr/mocks/ServiceScheduleInterface.go:70.2,72.78 3 0
be-empower-hr/mocks/ServiceScheduleInterface.go:72.78,74.3 1 0
be-empower-hr/mocks/ServiceScheduleInterface.go:75.2,75.69 1 0
be-empower-hr/mocks/ServiceScheduleInterface.go:75.69,77.3 1 0
be-empower-hr/mocks/ServiceScheduleInterface.go:77.8,78.24 1 0
be-empower-hr/mocks/ServiceScheduleInterface.go:78.24,80.4 1 0
be-empower-hr/mocks/ServiceScheduleInterface.go:83.2,83.45 1 0
be-empower-hr/mocks/ServiceScheduleInterface.go:83.45,85.3 1 0
be-empower-hr/mocks/ServiceScheduleInterface.go:85.8,87.3 1 0
be-empower-hr/mocks/ServiceScheduleInterface.go:89.2,89.15 1 0
be-empower-hr/mocks/ServiceScheduleInterface.go:93.108,96.19 2 0
be-empower-hr/mocks/ServiceScheduleInterface.go:96.19,97.57 1 0
be-empower-hr/mocks/ServiceScheduleInterface.go:100.2,102.81 3 0
be-empower-hr/mocks/ServiceScheduleInterface.go:102.81,104.3 1 0
be-empower-hr/mocks/ServiceScheduleInterface.go:105.2,105.72 1 0
be-empower-hr/mocks/ServiceScheduleInterface.go:105.72,107.3 1 0
be-empower-hr/mocks/ServiceScheduleInterface.go:107.8,108.24 1 0
be-empower-hr/mocks/ServiceScheduleInterface.go:108.24,110.4 1 0
be-empower-hr/mocks/ServiceScheduleInterface.go:113.2,113.49 1 0
be-empower-hr/mocks/ServiceScheduleInterface.go:113.49,115.3 1 0
be-empower-hr/mocks/ServiceScheduleInterface.go:115.8,117.3 1 0
be-empower-hr/mocks/ServiceScheduleInterface.go:119.2,119.15 1 0
be-empower-hr/mocks/ServiceScheduleInterface.go:123.112,126.19 2 0
be-empower-hr/mocks/ServiceScheduleInterface.go:126.19,127.56 1 0
be-empower-hr/mocks/ServiceScheduleInterface.go:130.2,131.78 2 0
be-empower-hr/mocks/ServiceScheduleInterface.go:131.78,133.3 1 0
be-empower-hr/mocks/ServiceScheduleInterface.go:133.8,135.3 1 0
be-empower-hr/mocks/ServiceScheduleInterface.go:137.2,137.11 1 0
be-empower-hr/mocks/ServiceScheduleInterface.go:145.30,149.19 3 0
be-empower-hr/mocks/ServiceScheduleInterface.go:149.19,149.49 1 0
be-empower-hr/mocks/ServiceScheduleInterface.go:151.2,151.13 1 0
be-empower-hr/mocks/ServiceUserInterface.go:17.173,20.19 2 0
be-empower-hr/mocks/ServiceUserInterface.go:20.19,21.59 1 0
be-empower-hr/mocks/ServiceUserInterface.go:24.2,25.122 2 0
be-empower-hr/mocks/ServiceUserInterface.go:25.122,27.3 1 0
be-empower-hr/mocks/ServiceUserInterface.go:27.8,29.3 1 0
be-empower-hr/mocks/ServiceUserInterface.go:31.2,31.11 1 0
be-empower-hr/mocks/ServiceUserInterface.go:35.71,38.19 2 0
be-empower-hr/mocks/ServiceUserInterface.go:38.19,39.60 1 0
be-empower-hr/mocks/ServiceUserInterface.go:42.2,43.49 2 0
be-empower-hr/mocks/ServiceUserInterface.go:43.49,45.3 1 0
be-empower-hr/mocks/ServiceUserInterface.go:45.8,47.3 1 0
be-empower-hr/mocks/ServiceUserInterface.go:49.2,49.11 1 0
be-empower-hr/mocks/ServiceUserInterface.go:53.81,56.19 2 0
be-empower-hr/mocks/ServiceUserInterface.go:56.19,57.70 1 0
be-empower-hr/mocks/ServiceUserInterface.go:60.2,61.49 2 0
be-empower-hr/mocks/ServiceUserInterface.go:61.49,63.3 1 0
be-empower-hr/mocks/ServiceUserInterface.go:63.8,65.3 1 0
be-empower-hr/mocks/ServiceUserInterface.go:67.2,67.11 1 0
be-empower-hr/mocks/ServiceUserInterface.go:71.137,74.19 2 0
be-empower-hr/mocks/ServiceUserInterface.go:74.19,75.55 1 0
be-empower-hr/mocks/ServiceUserInterface.go:78.2,80.99 3 0
be-empower-hr/mocks/ServiceUserInterface.go:80.99,82.3 1 0
be-empower-hr/mocks/ServiceUserInterface.go:83.2,83.90 1 0
be-empower-hr/mocks/ServiceUserInterface.go:83.90,85.3 1 0
be-empower-hr/mocks/ServiceUserInterface.go:85.8,86.24 1 0
be-empower-hr/mocks/ServiceUserInterface.go:86.24,88.4 1 0
be-empower-hr/mocks/ServiceUserInterface.go:91.2,91.69 1 0
be-empower-hr/mocks/ServiceUserInterface.go:91.69,93.3 1 0
be-empower-hr/mocks/ServiceUserInterface.go:93.8,95.3 1 0
be-empower-hr/mocks/ServiceUserInterface.go:97.2,97.15 1 0
be-empower-hr/mocks/ServiceUserInterface.go:101.92,104.19 2 0
be-empower-hr/mocks/ServiceUserInterface.go:104.19,105.52 1 0
be-empower-hr/mocks/ServiceUserInterface.go:108.2,110.78 3 0
be-empower-hr/mocks/ServiceUserInterface.go:110.78,112.3 1 0
be-empower-hr/mocks/ServiceUserInterface.go:113.2,113.69 1 0
be-empower-hr/mocks/ServiceUserInterface.go:113.69,115.3 1 0
be-empower-hr/mocks/ServiceUserInterface.go:115.8,116.24 1 0
be-empower-hr/mocks/ServiceUserInterface.go:116.24,118.4 1 0
be-empower-hr/mocks/ServiceUserInterface.go:121.2,121.49 1 0
be-empower-hr/mocks/ServiceUserInterface.go:121.49,123.3 1 0
be-empower-hr/mocks/ServiceUserInterface.go:123.8,125.3 1 0
be-empower-hr/mocks/ServiceUserInterface.go:127.2,127.15 1 0
be-empower-hr/mocks/ServiceUserInterface.go:131.96,134.19 2 0
be-empower-hr/mocks/ServiceUserInterface.go:134.19,135.56 1 0
be-empower-hr/mocks/ServiceUserInterface.go:138.2,140.78 3 0
be-empower-hr/mocks/ServiceUserInterface.go:140.78,142.3 1 0
be-empower-hr/mocks/ServiceUserInterface.go:143.2,143.69 1 0
be-empower-hr/mocks/ServiceUserInterface.go:143.69,145.3 1 0
be-empower-hr/mocks/ServiceUserInterface.go:145.8,146.24 1 0
be-empower-hr/mocks/ServiceUserInterface.go:146.24,148.4 1 0
be-empower-hr/mocks/ServiceUserInterface.go:151.2,151.49 1 0
be-empower-hr/mocks/ServiceUserInterface.go:151.49,153.3 1 0
be-empower-hr/mocks/ServiceUserInterface.go:153.8,155.3 1 0
be-empower-hr/mocks/ServiceUserInterface.go:157.2,157.15 1 0
be-empower-hr/mocks/ServiceUserInterface.go:161.120,164.19 2 0
be-empower-hr/mocks/ServiceUserInterface.go:164.19,165.54 1 0
be-empower-hr/mocks/ServiceUserInterface.go:168.2,171.96 4 0
be-empower-hr/mocks/ServiceUserInterface.go:171.96,173.3 1 0
be-empower-hr/mocks/ServiceUserInterface.go:174.2,174.79 1 0
be-empower-hr/mocks/ServiceUserInterface.go:174.79,176.3 1 0
be-empower-hr/mocks/ServiceUserInterface.go:176.8,177.24 1 0
be-empower-hr/mocks/ServiceUserInterface.go:177.24,179.4 1 0
be-empower-hr/mocks/ServiceUserInterface.go:182.2,182.60 1 0
be-empower-hr/mocks/ServiceUserInterface.go:182.60,184.3 1 0
be-empower-hr/mocks/ServiceUserInterface.go:184.8,186.3 1 0
be-empower-hr/mocks/ServiceUserInterface.go:188.2,188.59 1 0
be-empower-hr/mocks/ServiceUserInterface.go:188.59,190.3 1 0
be-empower-hr/mocks/ServiceUserInterface.go:190.8,192.3 1 0
be-empower-hr/mocks/ServiceUserInterface.go:194.2,194.19 1 0
be-empower-hr/mocks/ServiceUserInterface.go:198.164,201.19 2 0
be-empower-hr/mocks/ServiceUserInterface.go:201.19,202.64 1 0
be-empower-hr/mocks/ServiceUserInterface.go:205.2,207.101 3 0
be-empower-hr/mocks/ServiceUserInterface.go:207.101,209.3 1 0
be-empower-hr/mocks/ServiceUserInterface.go:210.2,210.92 1 0
be-empower-hr/mocks/ServiceUserInterface.go:210.92,212.3 1 0
be-empower-hr/mocks/ServiceUserInterface.go:212.8,214.3 1 0
be-empower-hr/mocks/ServiceUserInterface.go:216.2,216.93 1 0
be-empower-hr/mocks/ServiceUserInterface.go:216.93,218.3 1 0
be-empower-hr/mocks/ServiceUserInterface.go:218.8,220.3 1 0
be-empower-hr/mocks/ServiceUserInterface.go:222.2,222.15 1 0
be-empower-hr/mocks/ServiceUserInterface.go:226.112,229.19 2 0
be-empower-hr/mocks/ServiceUserInterface.go:229.19,230.67 1 0
be-empower-hr/mocks/ServiceUserInterface.go:233.2,235.77 3 0
be-empower-hr/mocks/ServiceUserInterface.go:235.77,237.3 1 0
be-empower-hr/mocks/ServiceUserInterface.go:238.2,238.68 1 0
be-empower-hr/mocks/ServiceUserInterface.go:238.68,240.3 1 0
be-empower-hr/mocks/ServiceUserInterface.go:240.8,242.3 1 0
be-empower-hr/mocks/ServiceUserInterface.go:244.2,244.69 1 0
be-empower-hr/mocks/ServiceUserInterface.go:244.69,246.3 1 0
be-empower-hr/mocks/ServiceUserInterface.go:246.8,248.3 1 0
be-empower-hr/mocks/ServiceUserInterface.go:250.2,250.15 1 0
be-empower-hr/mocks/ServiceUserInterface.go:254.142,257.19 2 0
be-empower-hr/mocks/ServiceUserInterface.go:257.19,258.66 1 0
be-empower-hr/mocks/ServiceUserInterface.go:261.2,262.83 2 0
be-empower-hr/mocks/ServiceUserInterface.go:262.83,264.3 1 0
be-empower-hr/mocks/ServiceUserInterface.go:264.8,266.3 1 0
be-empower-hr/mocks/ServiceUserInterface.go:268.2,268.11 1 0
be-empower-hr/mocks/ServiceUserInterface.go:272.107,275.19 2 0
be-empower-hr/mocks/ServiceUserInterface.go:275.19,276.61 1 0
be-empower-hr/mocks/ServiceUserInterface.go:279.2,280.75 2 0
be-empower-hr/mocks/ServiceUserInterface.go:280.75,282.3 1 0
be-empower-hr/mocks/ServiceUserInterface.go:282.8,284.3 1 0
be-empower-hr/mocks/ServiceUserInterface.go:286.2,286.11 1 0
be-empower-hr/mocks/ServiceUserInterface.go:290.110,293.19 2 0
be-empower-hr/mocks/ServiceUserInterface.go:293.19,294.64 1 0
be-empower-hr/mocks/ServiceUserInterface.go:297.2,298.75 2 0
be-empower-hr/mocks/ServiceUserInterface.go:298.75,300.3 1 0
be-empower-hr/mocks/ServiceUserInterface.go:300.8,302.3 1 0
be-empower-hr/mocks/ServiceUserInterface.go:304.2,304.11 1 0
be-empower-hr/mocks/ServiceUserInterface.go:308.114,311.19 2 0
be-empower-hr/mocks/ServiceUserInterface.go:311.19,312.66 1 0
be-empower-hr/mocks/ServiceUserInterface.go:315.2,316.77 2 0
be-empower-hr/mocks/ServiceUserInterface.go:316.77,318.3 1 0
be-empower-hr/mocks/ServiceUserInterface.go:318.8,320.3 1 0
be-empower-hr/mocks/ServiceUserInterface.go:322.2,322.11 1 0
be-empower-hr/mocks/ServiceUserInterface.go:330.26,334.19 3 0
be-empower-hr/mocks/ServiceUserInterface.go:334.19,334.49 1 0
be-empower-hr/mocks/ServiceUserInterface.go:336.2,336.13 1 0
be-empower-hr/utils/pagination.go:8.51,9.15 1 0
be-empower-hr/utils/pagination.go:9.15,11.3 1 0
be-empower-hr/utils/pagination.go:12.2,12.19 1 0
be-empower-hr/utils/pagination.go:12.19,14.3 1 0
be-empower-hr/utils/pagination.go:15.2,18.3 1 0
be-empower-hr/utils/pagination.go:21.34,23.2 1 0
be-empower-hr/utils/stringtodate.go:8.60,9.25 1 0
be-empower-hr/utils/stringtodate.go:9.25,11.3 1 0
be-empower-hr/utils/stringtodate.go:12.2,14.16 3 0
be-empower-hr/utils/stringtodate.go:14.16,16.3 1 0
be-empower-hr/utils/stringtodate.go:17.2,17.24 1 0
be-empower-hr/utils/validation.go:25.50,27.2 1 0
be-empower-hr/utils/validation.go:30.67,32.16 2 0
be-empower-hr/utils/validation.go:32.16,34.3 1 0
be-empower-hr/utils/validation.go:35.2,35.14 1 0
be-empower-hr/utils/validation.go:35.14,37.3 1 0
be-empower-hr/utils/validation.go:38.2,38.12 1 0
be-empower-hr/utils/validation.go:42.73,43.28 1 0
be-empower-hr/utils/validation.go:43.28,45.3 1 0
be-empower-hr/utils/validation.go:46.2,47.16 2 0
be-empower-hr/utils/validation.go:47.16,49.3 1 0
be-empower-hr/utils/validation.go:50.2,50.14 1 0
be-empower-hr/utils/validation.go:50.14,52.3 1 0
be-empower-hr/utils/validation.go:53.2,54.16 2 0
be-empower-hr/utils/validation.go:54.16,56.3 1 0
be-empower-hr/utils/validation.go:57.2,57.14 1 0
be-empower-hr/utils/validation.go:57.14,59.3 1 0
be-empower-hr/utils/validation.go:60.2,60.12 1 0
be-empower-hr/utils/validation.go:64.70,66.16 2 0
be-empower-hr/utils/validation.go:66.16,68.3 1 0
be-empower-hr/utils/validation.go:69.2,69.14 1 0
be-empower-hr/utils/validation.go:69.14,71.3 1 0
be-empower-hr/utils/validation.go:72.2,72.12 1 0
be-empower-hr/utils/validation.go:76.69,77.16 1 0
be-empower-hr/utils/validation.go:77.16,79.3 1 0
be-empower-hr/utils/validation.go:81.2,85.26 4 0
be-empower-hr/utils/validation.go:85.26,87.3 1 0
be-empower-hr/utils/validation.go:90.2,91.75 2 0
be-empower-hr/utils/validation.go:91.75,93.3 1 0
be-empower-hr/utils/validation.go:95.2,95.25 1 0
be-empower-hr/utils/validation.go:99.60,100.12 1 0
be-empower-hr/utils/validation.go:100.12,102.3 1 0
be-empower-hr/utils/validation.go:104.2,105.26 2 0
be-empower-hr/utils/validation.go:105.26,107.3 1 0
be-empower-hr/utils/validation.go:108.2,108.20 1 0
be-empower-hr/utils/validation.go:112.63,114.44 2 0
be-empower-hr/utils/validation.go:114.44,116.3 1 0
be-empower-hr/utils/validation.go:117.2,117.12 1 0
be-empower-hr/utils/validation.go:121.67,124.47 3 0
be-empower-hr/utils/validation.go:124.47,125.32 1 0
be-empower-hr/utils/validation.go:125.32,127.4 1 0
be-empower-hr/utils/validation.go:129.2,129.122 1 0
be-empower-hr/utils/validation.go:133.73,136.44 3 0
be-empower-hr/utils/validation.go:136.44,137.28 1 0
be-empower-hr/utils/validation.go:137.28,139.4 1 0
be-empower-hr/utils/validation.go:141.2,141.83 1 0
be-empower-hr/utils/validation.go:145.64,148.41 3 0
be-empower-hr/utils/validation.go:148.41,149.26 1 0
be-empower-hr/utils/validation.go:149.26,151.4 1 0
be-empower-hr/utils/validation.go:153.2,153.78 1 0
be-empower-hr/utils/responses/response.go:10.89,17.2 1 0
be-empower-hr/utils/responses/response.go:28.119,36.2 1 0
be-empower-hr/utils/pdf/pdf.go:23.42,25.2 1 0
be-empower-hr/utils/pdf/pdf.go:27.92,45.29 11 0
be-empower-hr/utils/pdf/pdf.go:45.29,50.3 4 0
be-empower-hr/utils/pdf/pdf.go:53.2,54.16 2 0
be-empower-hr/utils/pdf/pdf.go:54.16,56.3 1 0
be-empower-hr/utils/pdf/pdf.go:57.2,57.12 1 0
be-empower-hr/utils/pdf/pdf.go:60.61,66.16 2 0
be-empower-hr/utils/pdf/pdf.go:66.16,68.3 1 0
be-empower-hr/utils/pdf/pdf.go:69.2,75.16 5 0
be-empower-hr/utils/pdf/pdf.go:75.16,77.3 1 0
be-empower-hr/utils/pdf/pdf.go:79.2,80.16 2 0
be-empower-hr/utils/pdf/pdf.go:80.16,82.3 1 0
be-empower-hr/utils/pdf/pdf.go:84.2,85.16 2 0
be-empower-hr/utils/pdf/pdf.go:85.16,87.3 1 0
be-empower-hr/utils/pdf/pdf.go:89.2,90.16 2 0
be-empower-hr/utils/pdf/pdf.go:90.16,92.3 1 0
be-empower-hr/utils/pdf/pdf.go:94.2,98.16 4 0
be-empower-hr/utils/pdf/pdf.go:98.16,100.3 1 0
be-empower-hr/utils/pdf/pdf.go:101.2,104.16 3 0
be-empower-hr/utils/pdf/pdf.go:104.16,106.3 1 0
be-empower-hr/utils/pdf/pdf.go:108.2,109.12 2 0
be-empower-hr/utils/excel/excel.go:16.45,18.2 1 0
be-empower-hr/utils/excel/excel.go:20.73,35.33 7 0
be-empower-hr/utils/excel/excel.go:35.33,38.3 2 0
be-empower-hr/utils/excel/excel.go:41.2,44.19 3 0
be-empower-hr/utils/excel/excel.go:44.19,46.6 1 0
be-empower-hr/utils/excel/excel.go:48.5,48.28 1 0
